2026-02-01 23:49:14,632 - StudentManager - INFO - ================================================================================
2026-02-01 23:49:14,633 - StudentManager - INFO - Application Starting
2026-02-01 23:49:14,633 - StudentManager - INFO - Log file: logs\app_20260201_234914.log
2026-02-01 23:49:14,634 - StudentManager - INFO - ================================================================================
2026-02-01 23:49:14,634 - StudentManager - INFO - ================================================================================
2026-02-01 23:49:14,635 - StudentManager - INFO - STARTING MAIN APPLICATION
2026-02-01 23:49:14,636 - StudentManager - INFO - ================================================================================
2026-02-01 23:49:14,636 - StudentManager - DEBUG - Entering: Application Setup
2026-02-01 23:49:14,637 - StudentManager - INFO - Setting up application...
2026-02-01 23:49:14,637 - StudentManager - DEBUG - Enabling High DPI scaling
2026-02-01 23:49:14,639 - StudentManager - DEBUG - Creating QApplication instance
2026-02-01 23:49:14,679 - StudentManager - DEBUG - Setting font for platform: win32
2026-02-01 23:49:14,680 - StudentManager - DEBUG - Applying theme...
2026-02-01 23:49:14,682 - StudentManager - INFO - Theme applied successfully
2026-02-01 23:49:14,682 - StudentManager - INFO - Application setup complete
2026-02-01 23:49:14,682 - StudentManager - DEBUG - Completed: Application Setup
2026-02-01 23:49:14,683 - StudentManager - INFO - Importing main window module...
2026-02-01 23:49:16,156 - StudentManager - INFO - Main window module imported successfully
2026-02-01 23:49:16,157 - StudentManager - INFO - Creating main window instance...
2026-02-01 23:49:16,158 - StudentManager.MainWindow - INFO - Initializing MainWindow...
2026-02-01 23:49:16,160 - StudentManager.MainWindow - DEBUG - Setting window properties...
2026-02-01 23:49:16,160 - StudentManager.MainWindow - DEBUG - Initializing data structures...
2026-02-01 23:49:16,163 - StudentManager.MainWindow - INFO - Setting up models...
2026-02-01 23:49:16,163 - StudentManager.MainWindow - INFO - Setting up UI...
