2026-02-12 13:58:50,622 - StudentManager - INFO - ================================================================================
2026-02-12 13:58:50,623 - StudentManager - INFO - Application Starting
2026-02-12 13:58:50,624 - StudentManager - INFO - Log file: logs\app_20260212_135850.log
2026-02-12 13:58:50,624 - StudentManager - INFO - ================================================================================
2026-02-12 13:58:50,624 - StudentManager - INFO - ================================================================================
2026-02-12 13:58:50,625 - StudentManager - INFO - STARTING MAIN APPLICATION
2026-02-12 13:58:50,626 - StudentManager - INFO - ================================================================================
2026-02-12 13:58:50,626 - StudentManager - DEBUG - Entering: Application Setup
2026-02-12 13:58:50,626 - StudentManager - INFO - Setting up application...
2026-02-12 13:58:50,626 - StudentManager - DEBUG - Enabling High DPI scaling
2026-02-12 13:58:50,628 - StudentManager - DEBUG - Creating QApplication instance
2026-02-12 13:58:50,734 - StudentManager - DEBUG - Resolving fonts for platform: win32
2026-02-12 13:58:50,741 - StudentManager - INFO - Font families selected: UI='Proxima Nova Rg', UI Medium='Proxima Nova Lt', UI Bold='Proxima Nova Th', Arabic='Dubai'
2026-02-12 13:58:50,741 - StudentManager - DEBUG - Applying theme...
2026-02-12 13:58:50,751 - StudentManager - INFO - Theme applied successfully
2026-02-12 13:58:50,751 - StudentManager - INFO - Application setup complete
2026-02-12 13:58:50,752 - StudentManager - DEBUG - Completed: Application Setup
2026-02-12 13:58:50,752 - StudentManager - INFO - Importing main window module...
2026-02-12 13:58:51,588 - StudentManager - INFO - Main window module imported successfully
2026-02-12 13:58:51,588 - StudentManager - INFO - Creating main window instance...
2026-02-12 13:58:51,589 - StudentManager.MainWindow - INFO - Initializing MainWindow...
2026-02-12 13:58:51,598 - StudentManager.MainWindow - DEBUG - Setting window properties...
2026-02-12 13:58:51,604 - StudentManager.MainWindow - DEBUG - Initializing data structures...
2026-02-12 13:58:51,605 - StudentManager.MainWindow - INFO - Setting up models...
2026-02-12 13:58:51,606 - StudentManager.MainWindow - INFO - Setting up UI...
2026-02-12 13:58:52,006 - StudentManager.MainWindow - INFO - Setting up menus...
2026-02-12 13:58:52,011 - StudentManager.MainWindow - INFO - Setting up connections...
2026-02-12 13:58:52,011 - StudentManager.MainWindow - INFO - Setting up observers...
2026-02-12 13:58:52,012 - StudentManager.MainWindow - INFO - Setting up drag & drop...
2026-02-12 13:58:52,012 - StudentManager.MainWindow - DEBUG - Applying stylesheet...
2026-02-12 13:58:52,024 - StudentManager.MainWindow - INFO - Loading saved state...
2026-02-12 13:58:52,025 - StudentManager.MainWindow - DEBUG - Scheduling auto-load...
2026-02-12 13:58:52,028 - StudentManager.MainWindow - INFO - Updating initial UI state...
2026-02-12 13:58:52,029 - StudentManager.MainWindow - INFO - MainWindow initialization complete!
2026-02-12 13:58:52,029 - StudentManager - INFO - Main window created successfully
2026-02-12 13:58:52,029 - StudentManager - INFO - Showing main window...
2026-02-12 13:58:52,219 - StudentManager - INFO - Main window displayed successfully
2026-02-12 13:58:52,220 - StudentManager - INFO - Starting event loop...
2026-02-12 13:59:49,462 - StudentManager - INFO - Application exited with code: 0
2026-02-12 13:59:49,478 - StudentManager - INFO - ================================================================================
2026-02-12 13:59:49,478 - StudentManager - INFO - APPLICATION SHUTDOWN - Exit code: 0
2026-02-12 13:59:49,478 - StudentManager - INFO - ================================================================================
