2026-02-05 12:12:27,314 - StudentManager - INFO - ================================================================================
2026-02-05 12:12:27,315 - StudentManager - INFO - Application Starting
2026-02-05 12:12:27,315 - StudentManager - INFO - Log file: logs\app_20260205_121227.log
2026-02-05 12:12:27,315 - StudentManager - INFO - ================================================================================
2026-02-05 12:12:27,315 - StudentManager - INFO - ================================================================================
2026-02-05 12:12:27,316 - StudentManager - INFO - STARTING MAIN APPLICATION
2026-02-05 12:12:27,316 - StudentManager - INFO - ================================================================================
2026-02-05 12:12:27,316 - StudentManager - DEBUG - Entering: Application Setup
2026-02-05 12:12:27,316 - StudentManager - INFO - Setting up application...
2026-02-05 12:12:27,316 - StudentManager - DEBUG - Enabling High DPI scaling
2026-02-05 12:12:27,317 - StudentManager - DEBUG - Creating QApplication instance
2026-02-05 12:12:27,356 - StudentManager - DEBUG - Resolving fonts for platform: win32
2026-02-05 12:12:27,358 - StudentManager - INFO - Font families selected: UI='Proxima Nova Rg', UI Medium='Proxima Nova Lt', UI Bold='Proxima Nova Th', Arabic='Dubai'
2026-02-05 12:12:27,359 - StudentManager - DEBUG - Applying theme...
2026-02-05 12:12:27,360 - StudentManager - INFO - Theme applied successfully
2026-02-05 12:12:27,360 - StudentManager - INFO - Application setup complete
2026-02-05 12:12:27,360 - StudentManager - DEBUG - Completed: Application Setup
2026-02-05 12:12:27,360 - StudentManager - INFO - Importing main window module...
2026-02-05 12:12:28,162 - StudentManager - INFO - Main window module imported successfully
2026-02-05 12:12:28,162 - StudentManager - INFO - Creating main window instance...
2026-02-05 12:12:28,163 - StudentManager.MainWindow - INFO - Initializing MainWindow...
2026-02-05 12:12:28,164 - StudentManager.MainWindow - DEBUG - Setting window properties...
2026-02-05 12:12:28,169 - StudentManager.MainWindow - DEBUG - Initializing data structures...
2026-02-05 12:12:28,169 - StudentManager.MainWindow - INFO - Setting up models...
2026-02-05 12:12:28,170 - StudentManager.MainWindow - INFO - Setting up UI...
2026-02-05 12:12:28,476 - StudentManager.MainWindow - INFO - Setting up menus...
2026-02-05 12:12:28,478 - StudentManager.MainWindow - INFO - Setting up connections...
2026-02-05 12:12:28,478 - StudentManager.MainWindow - INFO - Setting up observers...
2026-02-05 12:12:28,478 - StudentManager.MainWindow - INFO - Setting up drag & drop...
2026-02-05 12:12:28,479 - StudentManager.MainWindow - DEBUG - Applying stylesheet...
2026-02-05 12:12:28,491 - StudentManager.MainWindow - INFO - Loading saved state...
2026-02-05 12:12:28,492 - StudentManager.MainWindow - DEBUG - Scheduling auto-load...
2026-02-05 12:12:28,492 - StudentManager.MainWindow - INFO - Updating initial UI state...
2026-02-05 12:12:28,492 - StudentManager.MainWindow - INFO - MainWindow initialization complete!
2026-02-05 12:12:28,492 - StudentManager - INFO - Main window created successfully
2026-02-05 12:12:28,493 - StudentManager - INFO - Showing main window...
2026-02-05 12:12:28,650 - StudentManager - INFO - Main window displayed successfully
2026-02-05 12:12:28,650 - StudentManager - INFO - Starting event loop...
