2026-02-05 11:37:37,399 - StudentManager - INFO - ================================================================================
2026-02-05 11:37:37,399 - StudentManager - INFO - Application Starting
2026-02-05 11:37:37,400 - StudentManager - INFO - Log file: logs\app_20260205_113737.log
2026-02-05 11:37:37,401 - StudentManager - INFO - ================================================================================
2026-02-05 11:37:37,401 - StudentManager - INFO - ================================================================================
2026-02-05 11:37:37,402 - StudentManager - INFO - STARTING MAIN APPLICATION
2026-02-05 11:37:37,402 - StudentManager - INFO - ================================================================================
2026-02-05 11:37:37,403 - StudentManager - DEBUG - Entering: Application Setup
2026-02-05 11:37:37,403 - StudentManager - INFO - Setting up application...
2026-02-05 11:37:37,403 - StudentManager - DEBUG - Enabling High DPI scaling
2026-02-05 11:37:37,405 - StudentManager - DEBUG - Creating QApplication instance
2026-02-05 11:37:37,479 - StudentManager - DEBUG - Resolving fonts for platform: win32
2026-02-05 11:37:37,483 - StudentManager - INFO - Font families selected: UI='Proxima Nova Rg', UI Medium='Proxima Nova Lt', UI Bold='Proxima Nova Th', Arabic='Dubai'
2026-02-05 11:37:37,484 - StudentManager - DEBUG - Applying theme...
2026-02-05 11:37:37,485 - StudentManager - INFO - Theme applied successfully
2026-02-05 11:37:37,486 - StudentManager - INFO - Application setup complete
2026-02-05 11:37:37,486 - StudentManager - DEBUG - Completed: Application Setup
2026-02-05 11:37:37,487 - StudentManager - INFO - Importing main window module...
2026-02-05 11:37:38,851 - StudentManager - INFO - Main window module imported successfully
2026-02-05 11:37:38,851 - StudentManager - INFO - Creating main window instance...
2026-02-05 11:37:38,853 - StudentManager.MainWindow - INFO - Initializing MainWindow...
2026-02-05 11:37:38,854 - StudentManager.MainWindow - DEBUG - Setting window properties...
2026-02-05 11:37:38,860 - StudentManager.MainWindow - DEBUG - Initializing data structures...
2026-02-05 11:37:38,861 - StudentManager.MainWindow - INFO - Setting up models...
2026-02-05 11:37:38,862 - StudentManager.MainWindow - INFO - Setting up UI...
2026-02-05 11:37:39,507 - StudentManager.MainWindow - INFO - Setting up menus...
2026-02-05 11:37:39,513 - StudentManager.MainWindow - INFO - Setting up connections...
2026-02-05 11:37:39,515 - StudentManager.MainWindow - INFO - Setting up observers...
2026-02-05 11:37:39,516 - StudentManager.MainWindow - INFO - Setting up drag & drop...
2026-02-05 11:37:39,516 - StudentManager.MainWindow - DEBUG - Applying stylesheet...
2026-02-05 11:37:39,534 - StudentManager.MainWindow - INFO - Loading saved state...
2026-02-05 11:37:39,535 - StudentManager.MainWindow - DEBUG - Scheduling auto-load...
2026-02-05 11:37:39,537 - StudentManager.MainWindow - INFO - Updating initial UI state...
2026-02-05 11:37:39,538 - StudentManager.MainWindow - INFO - MainWindow initialization complete!
2026-02-05 11:37:39,538 - StudentManager - INFO - Main window created successfully
2026-02-05 11:37:39,538 - StudentManager - INFO - Showing main window...
2026-02-05 11:37:40,116 - StudentManager - INFO - Main window displayed successfully
2026-02-05 11:37:40,117 - StudentManager - INFO - Starting event loop...
2026-02-05 11:45:47,387 - StudentManager - INFO - Application exited with code: 0
2026-02-05 11:45:47,404 - StudentManager - INFO - ================================================================================
2026-02-05 11:45:47,405 - StudentManager - INFO - APPLICATION SHUTDOWN - Exit code: 0
2026-02-05 11:45:47,405 - StudentManager - INFO - ================================================================================
