2026-02-12 11:33:42,283 - StudentManager - INFO - ================================================================================
2026-02-12 11:33:42,284 - StudentManager - INFO - Application Starting
2026-02-12 11:33:42,284 - StudentManager - INFO - Log file: logs\app_20260212_113342.log
2026-02-12 11:33:42,285 - StudentManager - INFO - ================================================================================
2026-02-12 11:33:42,285 - StudentManager - INFO - ================================================================================
2026-02-12 11:33:42,285 - StudentManager - INFO - STARTING MAIN APPLICATION
2026-02-12 11:33:42,291 - StudentManager - INFO - ================================================================================
2026-02-12 11:33:42,292 - StudentManager - DEBUG - Entering: Application Setup
2026-02-12 11:33:42,292 - StudentManager - INFO - Setting up application...
2026-02-12 11:33:42,292 - StudentManager - DEBUG - Enabling High DPI scaling
2026-02-12 11:33:42,293 - StudentManager - DEBUG - Creating QApplication instance
2026-02-12 11:33:42,334 - StudentManager - DEBUG - Resolving fonts for platform: win32
2026-02-12 11:33:42,336 - StudentManager - INFO - Font families selected: UI='Proxima Nova Rg', UI Medium='Proxima Nova Lt', UI Bold='Proxima Nova Th', Arabic='Dubai'
2026-02-12 11:33:42,336 - StudentManager - DEBUG - Applying theme...
2026-02-12 11:33:42,337 - StudentManager - INFO - Theme applied successfully
2026-02-12 11:33:42,337 - StudentManager - INFO - Application setup complete
2026-02-12 11:33:42,337 - StudentManager - DEBUG - Completed: Application Setup
2026-02-12 11:33:42,337 - StudentManager - INFO - Importing main window module...
2026-02-12 11:33:43,093 - StudentManager - INFO - Main window module imported successfully
2026-02-12 11:33:43,094 - StudentManager - INFO - Creating main window instance...
2026-02-12 11:33:43,095 - StudentManager.MainWindow - INFO - Initializing MainWindow...
2026-02-12 11:33:43,095 - StudentManager.MainWindow - DEBUG - Setting window properties...
2026-02-12 11:33:43,100 - StudentManager.MainWindow - DEBUG - Initializing data structures...
2026-02-12 11:33:43,101 - StudentManager.MainWindow - INFO - Setting up models...
2026-02-12 11:33:43,101 - StudentManager.MainWindow - INFO - Setting up UI...
2026-02-12 11:33:43,449 - StudentManager.MainWindow - INFO - Setting up menus...
2026-02-12 11:33:43,451 - StudentManager.MainWindow - INFO - Setting up connections...
2026-02-12 11:33:43,452 - StudentManager.MainWindow - INFO - Setting up observers...
2026-02-12 11:33:43,452 - StudentManager.MainWindow - INFO - Setting up drag & drop...
2026-02-12 11:33:43,452 - StudentManager.MainWindow - DEBUG - Applying stylesheet...
2026-02-12 11:33:43,465 - StudentManager.MainWindow - INFO - Loading saved state...
2026-02-12 11:33:43,466 - StudentManager.MainWindow - DEBUG - Scheduling auto-load...
2026-02-12 11:33:43,466 - StudentManager.MainWindow - INFO - Updating initial UI state...
2026-02-12 11:33:43,466 - StudentManager.MainWindow - INFO - MainWindow initialization complete!
2026-02-12 11:33:43,467 - StudentManager - INFO - Main window created successfully
2026-02-12 11:33:43,467 - StudentManager - INFO - Showing main window...
2026-02-12 11:33:43,660 - StudentManager - INFO - Main window displayed successfully
2026-02-12 11:33:43,661 - StudentManager - INFO - Starting event loop...
