2026-02-04 21:38:07,205 - StudentManager - INFO - ================================================================================
2026-02-04 21:38:07,205 - StudentManager - INFO - Application Starting
2026-02-04 21:38:07,206 - StudentManager - INFO - Log file: logs\app_20260204_213807.log
2026-02-04 21:38:07,206 - StudentManager - INFO - ================================================================================
2026-02-04 21:38:07,206 - StudentManager - INFO - ================================================================================
2026-02-04 21:38:07,207 - StudentManager - INFO - STARTING MAIN APPLICATION
2026-02-04 21:38:07,214 - StudentManager - INFO - ================================================================================
2026-02-04 21:38:07,214 - StudentManager - DEBUG - Entering: Application Setup
2026-02-04 21:38:07,214 - StudentManager - INFO - Setting up application...
2026-02-04 21:38:07,215 - StudentManager - DEBUG - Enabling High DPI scaling
2026-02-04 21:38:07,215 - StudentManager - DEBUG - Creating QApplication instance
2026-02-04 21:38:07,254 - StudentManager - DEBUG - Setting font for platform: win32
2026-02-04 21:38:07,254 - StudentManager - DEBUG - Applying theme...
2026-02-04 21:38:07,255 - StudentManager - INFO - Theme applied successfully
2026-02-04 21:38:07,256 - StudentManager - INFO - Application setup complete
2026-02-04 21:38:07,256 - StudentManager - DEBUG - Completed: Application Setup
2026-02-04 21:38:07,256 - StudentManager - INFO - Importing main window module...
2026-02-04 21:38:08,076 - StudentManager - INFO - Main window module imported successfully
2026-02-04 21:38:08,077 - StudentManager - INFO - Creating main window instance...
2026-02-04 21:38:08,077 - StudentManager.MainWindow - INFO - Initializing MainWindow...
2026-02-04 21:38:08,078 - StudentManager.MainWindow - DEBUG - Setting window properties...
2026-02-04 21:38:08,080 - StudentManager.MainWindow - DEBUG - Initializing data structures...
2026-02-04 21:38:08,081 - StudentManager.MainWindow - INFO - Setting up models...
2026-02-04 21:38:08,081 - StudentManager.MainWindow - INFO - Setting up UI...
2026-02-04 21:38:08,475 - StudentManager.MainWindow - INFO - Setting up menus...
2026-02-04 21:38:08,476 - StudentManager.MainWindow - INFO - Setting up connections...
2026-02-04 21:38:08,477 - StudentManager.MainWindow - INFO - Setting up observers...
2026-02-04 21:38:08,477 - StudentManager.MainWindow - INFO - Setting up drag & drop...
2026-02-04 21:38:08,478 - StudentManager.MainWindow - DEBUG - Applying stylesheet...
2026-02-04 21:38:08,489 - StudentManager.MainWindow - INFO - Loading saved state...
2026-02-04 21:38:08,489 - StudentManager.MainWindow - DEBUG - Scheduling auto-load...
2026-02-04 21:38:08,491 - StudentManager.MainWindow - INFO - Updating initial UI state...
2026-02-04 21:38:08,491 - StudentManager.MainWindow - INFO - MainWindow initialization complete!
2026-02-04 21:38:08,492 - StudentManager - INFO - Main window created successfully
2026-02-04 21:38:08,493 - StudentManager - INFO - Showing main window...
2026-02-04 21:38:08,666 - StudentManager - INFO - Main window displayed successfully
2026-02-04 21:38:08,667 - StudentManager - INFO - Starting event loop...
