2026-02-05 12:08:36,625 - StudentManager - INFO - ================================================================================
2026-02-05 12:08:36,626 - StudentManager - INFO - Application Starting
2026-02-05 12:08:36,626 - StudentManager - INFO - Log file: logs\app_20260205_120836.log
2026-02-05 12:08:36,627 - StudentManager - INFO - ================================================================================
2026-02-05 12:08:36,627 - StudentManager - INFO - ================================================================================
2026-02-05 12:08:36,627 - StudentManager - INFO - STARTING MAIN APPLICATION
2026-02-05 12:08:36,628 - StudentManager - INFO - ================================================================================
2026-02-05 12:08:36,628 - StudentManager - DEBUG - Entering: Application Setup
2026-02-05 12:08:36,628 - StudentManager - INFO - Setting up application...
2026-02-05 12:08:36,628 - StudentManager - DEBUG - Enabling High DPI scaling
2026-02-05 12:08:36,629 - StudentManager - DEBUG - Creating QApplication instance
2026-02-05 12:08:36,669 - StudentManager - DEBUG - Resolving fonts for platform: win32
2026-02-05 12:08:36,672 - StudentManager - INFO - Font families selected: UI='Proxima Nova Rg', UI Medium='Proxima Nova Lt', UI Bold='Proxima Nova Th', Arabic='Dubai'
2026-02-05 12:08:36,672 - StudentManager - DEBUG - Applying theme...
2026-02-05 12:08:36,672 - StudentManager - INFO - Theme applied successfully
2026-02-05 12:08:36,672 - StudentManager - INFO - Application setup complete
2026-02-05 12:08:36,673 - StudentManager - DEBUG - Completed: Application Setup
2026-02-05 12:08:36,673 - StudentManager - INFO - Importing main window module...
2026-02-05 12:08:37,462 - StudentManager - INFO - Main window module imported successfully
2026-02-05 12:08:37,462 - StudentManager - INFO - Creating main window instance...
2026-02-05 12:08:37,462 - StudentManager.MainWindow - INFO - Initializing MainWindow...
2026-02-05 12:08:37,464 - StudentManager.MainWindow - DEBUG - Setting window properties...
2026-02-05 12:08:37,468 - StudentManager.MainWindow - DEBUG - Initializing data structures...
2026-02-05 12:08:37,468 - StudentManager.MainWindow - INFO - Setting up models...
2026-02-05 12:08:37,470 - StudentManager.MainWindow - INFO - Setting up UI...
2026-02-05 12:08:37,802 - StudentManager.MainWindow - INFO - Setting up menus...
2026-02-05 12:08:37,803 - StudentManager.MainWindow - INFO - Setting up connections...
2026-02-05 12:08:37,804 - StudentManager.MainWindow - INFO - Setting up observers...
2026-02-05 12:08:37,804 - StudentManager.MainWindow - INFO - Setting up drag & drop...
2026-02-05 12:08:37,805 - StudentManager.MainWindow - DEBUG - Applying stylesheet...
2026-02-05 12:08:37,817 - StudentManager.MainWindow - INFO - Loading saved state...
2026-02-05 12:08:37,817 - StudentManager.MainWindow - DEBUG - Scheduling auto-load...
2026-02-05 12:08:37,818 - StudentManager.MainWindow - INFO - Updating initial UI state...
2026-02-05 12:08:37,818 - StudentManager.MainWindow - INFO - MainWindow initialization complete!
2026-02-05 12:08:37,818 - StudentManager - INFO - Main window created successfully
2026-02-05 12:08:37,818 - StudentManager - INFO - Showing main window...
2026-02-05 12:08:37,980 - StudentManager - INFO - Main window displayed successfully
2026-02-05 12:08:37,980 - StudentManager - INFO - Starting event loop...
