2026-02-05 11:46:53,900 - StudentManager - INFO - ================================================================================
2026-02-05 11:46:53,900 - StudentManager - INFO - Application Starting
2026-02-05 11:46:53,900 - StudentManager - INFO - Log file: logs\app_20260205_114653.log
2026-02-05 11:46:53,900 - StudentManager - INFO - ================================================================================
2026-02-05 11:46:53,900 - StudentManager - INFO - ================================================================================
2026-02-05 11:46:53,900 - StudentManager - INFO - STARTING MAIN APPLICATION
2026-02-05 11:46:53,907 - StudentManager - INFO - ================================================================================
2026-02-05 11:46:53,907 - StudentManager - DEBUG - Entering: Application Setup
2026-02-05 11:46:53,908 - StudentManager - INFO - Setting up application...
2026-02-05 11:46:53,908 - StudentManager - DEBUG - Enabling High DPI scaling
2026-02-05 11:46:53,908 - StudentManager - DEBUG - Creating QApplication instance
2026-02-05 11:46:53,949 - StudentManager - DEBUG - Resolving fonts for platform: win32
2026-02-05 11:46:53,951 - StudentManager - INFO - Font families selected: UI='Proxima Nova Rg', UI Medium='Proxima Nova Lt', UI Bold='Proxima Nova Th', Arabic='Dubai'
2026-02-05 11:46:53,951 - StudentManager - DEBUG - Applying theme...
2026-02-05 11:46:53,952 - StudentManager - INFO - Theme applied successfully
2026-02-05 11:46:53,952 - StudentManager - INFO - Application setup complete
2026-02-05 11:46:53,952 - StudentManager - DEBUG - Completed: Application Setup
2026-02-05 11:46:53,952 - StudentManager - INFO - Importing main window module...
2026-02-05 11:46:54,741 - StudentManager - INFO - Main window module imported successfully
2026-02-05 11:46:54,741 - StudentManager - INFO - Creating main window instance...
2026-02-05 11:46:54,742 - StudentManager.MainWindow - INFO - Initializing MainWindow...
2026-02-05 11:46:54,743 - StudentManager.MainWindow - DEBUG - Setting window properties...
2026-02-05 11:46:54,746 - StudentManager.MainWindow - DEBUG - Initializing data structures...
2026-02-05 11:46:54,747 - StudentManager.MainWindow - INFO - Setting up models...
2026-02-05 11:46:54,747 - StudentManager.MainWindow - INFO - Setting up UI...
2026-02-05 11:46:55,068 - StudentManager.MainWindow - INFO - Setting up menus...
2026-02-05 11:46:55,069 - StudentManager.MainWindow - INFO - Setting up connections...
2026-02-05 11:46:55,070 - StudentManager.MainWindow - INFO - Setting up observers...
2026-02-05 11:46:55,070 - StudentManager.MainWindow - INFO - Setting up drag & drop...
2026-02-05 11:46:55,070 - StudentManager.MainWindow - DEBUG - Applying stylesheet...
2026-02-05 11:46:55,084 - StudentManager.MainWindow - INFO - Loading saved state...
2026-02-05 11:46:55,085 - StudentManager.MainWindow - DEBUG - Scheduling auto-load...
2026-02-05 11:46:55,086 - StudentManager.MainWindow - INFO - Updating initial UI state...
2026-02-05 11:46:55,086 - StudentManager.MainWindow - INFO - MainWindow initialization complete!
2026-02-05 11:46:55,086 - StudentManager - INFO - Main window created successfully
2026-02-05 11:46:55,086 - StudentManager - INFO - Showing main window...
2026-02-05 11:46:55,251 - StudentManager - INFO - Main window displayed successfully
2026-02-05 11:46:55,251 - StudentManager - INFO - Starting event loop...
