2026-02-04 22:28:33,363 - StudentManager - INFO - ================================================================================
2026-02-04 22:28:33,364 - StudentManager - INFO - Application Starting
2026-02-04 22:28:33,364 - StudentManager - INFO - Log file: logs\app_20260204_222833.log
2026-02-04 22:28:33,364 - StudentManager - INFO - ================================================================================
2026-02-04 22:28:33,364 - StudentManager - INFO - ================================================================================
2026-02-04 22:28:33,365 - StudentManager - INFO - STARTING MAIN APPLICATION
2026-02-04 22:28:33,371 - StudentManager - INFO - ================================================================================
2026-02-04 22:28:33,371 - StudentManager - DEBUG - Entering: Application Setup
2026-02-04 22:28:33,371 - StudentManager - INFO - Setting up application...
2026-02-04 22:28:33,371 - StudentManager - DEBUG - Enabling High DPI scaling
2026-02-04 22:28:33,372 - StudentManager - DEBUG - Creating QApplication instance
2026-02-04 22:28:33,417 - StudentManager - DEBUG - Resolving fonts for platform: win32
2026-02-04 22:28:33,419 - StudentManager - INFO - Font families selected: UI='Proxima Nova Rg', Arabic='Dubai'
2026-02-04 22:28:33,419 - StudentManager - DEBUG - Applying theme...
2026-02-04 22:28:33,420 - StudentManager - INFO - Theme applied successfully
2026-02-04 22:28:33,421 - StudentManager - INFO - Application setup complete
2026-02-04 22:28:33,421 - StudentManager - DEBUG - Completed: Application Setup
2026-02-04 22:28:33,421 - StudentManager - INFO - Importing main window module...
2026-02-04 22:28:34,247 - StudentManager - INFO - Main window module imported successfully
2026-02-04 22:28:34,248 - StudentManager - INFO - Creating main window instance...
2026-02-04 22:28:34,249 - StudentManager.MainWindow - INFO - Initializing MainWindow...
2026-02-04 22:28:34,250 - StudentManager.MainWindow - DEBUG - Setting window properties...
2026-02-04 22:28:34,254 - StudentManager.MainWindow - DEBUG - Initializing data structures...
2026-02-04 22:28:34,256 - StudentManager.MainWindow - INFO - Setting up models...
2026-02-04 22:28:34,256 - StudentManager.MainWindow - INFO - Setting up UI...
2026-02-04 22:28:34,621 - StudentManager.MainWindow - INFO - Setting up menus...
2026-02-04 22:28:34,623 - StudentManager.MainWindow - INFO - Setting up connections...
2026-02-04 22:28:34,624 - StudentManager.MainWindow - INFO - Setting up observers...
2026-02-04 22:28:34,624 - StudentManager.MainWindow - INFO - Setting up drag & drop...
2026-02-04 22:28:34,624 - StudentManager.MainWindow - DEBUG - Applying stylesheet...
2026-02-04 22:28:34,635 - StudentManager.MainWindow - INFO - Loading saved state...
2026-02-04 22:28:34,636 - StudentManager.MainWindow - DEBUG - Scheduling auto-load...
2026-02-04 22:28:34,636 - StudentManager.MainWindow - INFO - Updating initial UI state...
2026-02-04 22:28:34,637 - StudentManager.MainWindow - INFO - MainWindow initialization complete!
2026-02-04 22:28:34,637 - StudentManager - INFO - Main window created successfully
2026-02-04 22:28:34,637 - StudentManager - INFO - Showing main window...
2026-02-04 22:28:34,839 - StudentManager - INFO - Main window displayed successfully
2026-02-04 22:28:34,839 - StudentManager - INFO - Starting event loop...
