2026-02-01 23:56:38,911 - StudentManager - INFO - ================================================================================
2026-02-01 23:56:38,912 - StudentManager - INFO - Application Starting
2026-02-01 23:56:38,913 - StudentManager - INFO - Log file: logs\app_20260201_235638.log
2026-02-01 23:56:38,913 - StudentManager - INFO - ================================================================================
2026-02-01 23:56:38,914 - StudentManager - INFO - ================================================================================
2026-02-01 23:56:38,914 - StudentManager - INFO - STARTING MAIN APPLICATION
2026-02-01 23:56:38,973 - StudentManager - INFO - ================================================================================
2026-02-01 23:56:38,974 - StudentManager - DEBUG - Entering: Application Setup
2026-02-01 23:56:38,974 - StudentManager - INFO - Setting up application...
2026-02-01 23:56:38,974 - StudentManager - DEBUG - Enabling High DPI scaling
2026-02-01 23:56:38,976 - StudentManager - DEBUG - Creating QApplication instance
2026-02-01 23:56:39,013 - StudentManager - DEBUG - Setting font for platform: win32
2026-02-01 23:56:39,014 - StudentManager - DEBUG - Applying theme...
2026-02-01 23:56:39,016 - StudentManager - INFO - Theme applied successfully
2026-02-01 23:56:39,016 - StudentManager - INFO - Application setup complete
2026-02-01 23:56:39,016 - StudentManager - DEBUG - Completed: Application Setup
2026-02-01 23:56:39,016 - StudentManager - INFO - Importing main window module...
2026-02-01 23:56:40,683 - StudentManager - INFO - Main window module imported successfully
2026-02-01 23:56:40,683 - StudentManager - INFO - Creating main window instance...
2026-02-01 23:56:40,684 - StudentManager.MainWindow - INFO - Initializing MainWindow...
2026-02-01 23:56:40,686 - StudentManager.MainWindow - DEBUG - Setting window properties...
2026-02-01 23:56:40,686 - StudentManager.MainWindow - DEBUG - Initializing data structures...
2026-02-01 23:56:40,689 - StudentManager.MainWindow - INFO - Setting up models...
2026-02-01 23:56:40,689 - StudentManager.MainWindow - INFO - Setting up UI...
2026-02-01 23:56:41,591 - StudentManager.MainWindow - INFO - Setting up menus...
2026-02-01 23:56:41,596 - StudentManager.MainWindow - INFO - Setting up connections...
2026-02-01 23:56:41,597 - StudentManager.MainWindow - INFO - Setting up observers...
2026-02-01 23:56:41,597 - StudentManager.MainWindow - INFO - Setting up drag & drop...
2026-02-01 23:56:41,599 - StudentManager.MainWindow - DEBUG - Applying stylesheet...
2026-02-01 23:56:41,620 - StudentManager.MainWindow - INFO - Loading saved state...
2026-02-01 23:56:41,622 - StudentManager.MainWindow - DEBUG - Scheduling auto-load...
2026-02-01 23:56:41,623 - StudentManager.MainWindow - INFO - Updating initial UI state...
2026-02-01 23:56:41,624 - StudentManager.MainWindow - INFO - MainWindow initialization complete!
2026-02-01 23:56:41,625 - StudentManager - INFO - Main window created successfully
2026-02-01 23:56:41,625 - StudentManager - INFO - Showing main window...
2026-02-01 23:56:41,999 - StudentManager - INFO - Main window displayed successfully
2026-02-01 23:56:42,000 - StudentManager - INFO - Starting event loop...
2026-02-02 00:39:05,839 - StudentManager - INFO - Application exited with code: 0
2026-02-02 00:39:05,885 - StudentManager - INFO - ================================================================================
2026-02-02 00:39:05,886 - StudentManager - INFO - APPLICATION SHUTDOWN - Exit code: 0
2026-02-02 00:39:05,887 - StudentManager - INFO - ================================================================================
