2026-02-04 13:06:28,316 - StudentManager - INFO - ================================================================================
2026-02-04 13:06:28,317 - StudentManager - INFO - Application Starting
2026-02-04 13:06:28,317 - StudentManager - INFO - Log file: logs\app_20260204_130628.log
2026-02-04 13:06:28,318 - StudentManager - INFO - ================================================================================
2026-02-04 13:06:28,318 - StudentManager - INFO - ================================================================================
2026-02-04 13:06:28,319 - StudentManager - INFO - STARTING MAIN APPLICATION
2026-02-04 13:06:28,319 - StudentManager - INFO - ================================================================================
2026-02-04 13:06:28,319 - StudentManager - DEBUG - Entering: Application Setup
2026-02-04 13:06:28,320 - StudentManager - INFO - Setting up application...
2026-02-04 13:06:28,320 - StudentManager - DEBUG - Enabling High DPI scaling
2026-02-04 13:06:28,320 - StudentManager - DEBUG - Creating QApplication instance
2026-02-04 13:06:28,349 - StudentManager - DEBUG - Setting font for platform: win32
2026-02-04 13:06:28,350 - StudentManager - DEBUG - Applying theme...
2026-02-04 13:06:28,351 - StudentManager - INFO - Theme applied successfully
2026-02-04 13:06:28,351 - StudentManager - INFO - Application setup complete
2026-02-04 13:06:28,351 - StudentManager - DEBUG - Completed: Application Setup
2026-02-04 13:06:28,351 - StudentManager - INFO - Importing main window module...
2026-02-04 13:06:29,146 - StudentManager - INFO - Main window module imported successfully
2026-02-04 13:06:29,147 - StudentManager - INFO - Creating main window instance...
2026-02-04 13:06:29,148 - StudentManager.MainWindow - INFO - Initializing MainWindow...
2026-02-04 13:06:29,149 - StudentManager.MainWindow - DEBUG - Setting window properties...
2026-02-04 13:06:29,149 - StudentManager.MainWindow - DEBUG - Initializing data structures...
2026-02-04 13:06:29,150 - StudentManager.MainWindow - INFO - Setting up models...
2026-02-04 13:06:29,150 - StudentManager.MainWindow - INFO - Setting up UI...
2026-02-04 13:06:29,541 - StudentManager.MainWindow - INFO - Setting up menus...
2026-02-04 13:06:29,543 - StudentManager.MainWindow - INFO - Setting up connections...
2026-02-04 13:06:29,544 - StudentManager.MainWindow - INFO - Setting up observers...
2026-02-04 13:06:29,544 - StudentManager.MainWindow - INFO - Setting up drag & drop...
2026-02-04 13:06:29,544 - StudentManager.MainWindow - DEBUG - Applying stylesheet...
2026-02-04 13:06:29,555 - StudentManager.MainWindow - INFO - Loading saved state...
2026-02-04 13:06:29,556 - StudentManager.MainWindow - DEBUG - Scheduling auto-load...
2026-02-04 13:06:29,557 - StudentManager.MainWindow - INFO - Updating initial UI state...
2026-02-04 13:06:29,558 - StudentManager.MainWindow - INFO - MainWindow initialization complete!
2026-02-04 13:06:29,559 - StudentManager - INFO - Main window created successfully
2026-02-04 13:06:29,559 - StudentManager - INFO - Showing main window...
2026-02-04 13:06:29,750 - StudentManager - INFO - Main window displayed successfully
2026-02-04 13:06:29,751 - StudentManager - INFO - Starting event loop...
