2026-02-05 12:00:03,669 - StudentManager - INFO - ================================================================================
2026-02-05 12:00:03,670 - StudentManager - INFO - Application Starting
2026-02-05 12:00:03,670 - StudentManager - INFO - Log file: logs\app_20260205_120003.log
2026-02-05 12:00:03,670 - StudentManager - INFO - ================================================================================
2026-02-05 12:00:03,670 - StudentManager - INFO - ================================================================================
2026-02-05 12:00:03,671 - StudentManager - INFO - STARTING MAIN APPLICATION
2026-02-05 12:00:03,675 - StudentManager - INFO - ================================================================================
2026-02-05 12:00:03,675 - StudentManager - DEBUG - Entering: Application Setup
2026-02-05 12:00:03,675 - StudentManager - INFO - Setting up application...
2026-02-05 12:00:03,675 - StudentManager - DEBUG - Enabling High DPI scaling
2026-02-05 12:00:03,676 - StudentManager - DEBUG - Creating QApplication instance
2026-02-05 12:00:03,714 - StudentManager - DEBUG - Resolving fonts for platform: win32
2026-02-05 12:00:03,717 - StudentManager - INFO - Font families selected: UI='Proxima Nova Rg', UI Medium='Proxima Nova Lt', UI Bold='Proxima Nova Th', Arabic='Dubai'
2026-02-05 12:00:03,717 - StudentManager - DEBUG - Applying theme...
2026-02-05 12:00:03,718 - StudentManager - INFO - Theme applied successfully
2026-02-05 12:00:03,718 - StudentManager - INFO - Application setup complete
2026-02-05 12:00:03,718 - StudentManager - DEBUG - Completed: Application Setup
2026-02-05 12:00:03,718 - StudentManager - INFO - Importing main window module...
2026-02-05 12:00:04,502 - StudentManager - INFO - Main window module imported successfully
2026-02-05 12:00:04,503 - StudentManager - INFO - Creating main window instance...
2026-02-05 12:00:04,504 - StudentManager.MainWindow - INFO - Initializing MainWindow...
2026-02-05 12:00:04,505 - StudentManager.MainWindow - DEBUG - Setting window properties...
2026-02-05 12:00:04,510 - StudentManager.MainWindow - DEBUG - Initializing data structures...
2026-02-05 12:00:04,510 - StudentManager.MainWindow - INFO - Setting up models...
2026-02-05 12:00:04,511 - StudentManager.MainWindow - INFO - Setting up UI...
2026-02-05 12:00:04,846 - StudentManager.MainWindow - INFO - Setting up menus...
2026-02-05 12:00:04,853 - StudentManager.MainWindow - INFO - Setting up connections...
2026-02-05 12:00:04,853 - StudentManager.MainWindow - INFO - Setting up observers...
2026-02-05 12:00:04,854 - StudentManager.MainWindow - INFO - Setting up drag & drop...
2026-02-05 12:00:04,854 - StudentManager.MainWindow - DEBUG - Applying stylesheet...
2026-02-05 12:00:04,866 - StudentManager.MainWindow - INFO - Loading saved state...
2026-02-05 12:00:04,867 - StudentManager.MainWindow - DEBUG - Scheduling auto-load...
2026-02-05 12:00:04,867 - StudentManager.MainWindow - INFO - Updating initial UI state...
2026-02-05 12:00:04,868 - StudentManager.MainWindow - INFO - MainWindow initialization complete!
2026-02-05 12:00:04,868 - StudentManager - INFO - Main window created successfully
2026-02-05 12:00:04,868 - StudentManager - INFO - Showing main window...
2026-02-05 12:00:05,039 - StudentManager - INFO - Main window displayed successfully
2026-02-05 12:00:05,040 - StudentManager - INFO - Starting event loop...
