2026-02-12 12:06:22,516 - StudentManager - INFO - ================================================================================
2026-02-12 12:06:22,516 - StudentManager - INFO - Application Starting
2026-02-12 12:06:22,516 - StudentManager - INFO - Log file: logs\app_20260212_120622.log
2026-02-12 12:06:22,517 - StudentManager - INFO - ================================================================================
2026-02-12 12:06:22,517 - StudentManager - INFO - ================================================================================
2026-02-12 12:06:22,517 - StudentManager - INFO - STARTING MAIN APPLICATION
2026-02-12 12:06:22,523 - StudentManager - INFO - ================================================================================
2026-02-12 12:06:22,523 - StudentManager - DEBUG - Entering: Application Setup
2026-02-12 12:06:22,523 - StudentManager - INFO - Setting up application...
2026-02-12 12:06:22,524 - StudentManager - DEBUG - Enabling High DPI scaling
2026-02-12 12:06:22,524 - StudentManager - DEBUG - Creating QApplication instance
2026-02-12 12:06:22,570 - StudentManager - DEBUG - Resolving fonts for platform: win32
2026-02-12 12:06:22,572 - StudentManager - INFO - Font families selected: UI='Proxima Nova Rg', UI Medium='Proxima Nova Lt', UI Bold='Proxima Nova Th', Arabic='Dubai'
2026-02-12 12:06:22,573 - StudentManager - DEBUG - Applying theme...
2026-02-12 12:06:22,574 - StudentManager - INFO - Theme applied successfully
2026-02-12 12:06:22,574 - StudentManager - INFO - Application setup complete
2026-02-12 12:06:22,574 - StudentManager - DEBUG - Completed: Application Setup
2026-02-12 12:06:22,574 - StudentManager - INFO - Importing main window module...
2026-02-12 12:06:23,331 - StudentManager - INFO - Main window module imported successfully
2026-02-12 12:06:23,332 - StudentManager - INFO - Creating main window instance...
2026-02-12 12:06:23,333 - StudentManager.MainWindow - INFO - Initializing MainWindow...
2026-02-12 12:06:23,333 - StudentManager.MainWindow - DEBUG - Setting window properties...
2026-02-12 12:06:23,339 - StudentManager.MainWindow - DEBUG - Initializing data structures...
2026-02-12 12:06:23,340 - StudentManager.MainWindow - INFO - Setting up models...
2026-02-12 12:06:23,340 - StudentManager.MainWindow - INFO - Setting up UI...
2026-02-12 12:06:23,645 - StudentManager.MainWindow - INFO - Setting up menus...
2026-02-12 12:06:23,647 - StudentManager.MainWindow - INFO - Setting up connections...
2026-02-12 12:06:23,647 - StudentManager.MainWindow - INFO - Setting up observers...
2026-02-12 12:06:23,647 - StudentManager.MainWindow - INFO - Setting up drag & drop...
2026-02-12 12:06:23,648 - StudentManager.MainWindow - DEBUG - Applying stylesheet...
2026-02-12 12:06:23,660 - StudentManager.MainWindow - INFO - Loading saved state...
2026-02-12 12:06:23,660 - StudentManager.MainWindow - DEBUG - Scheduling auto-load...
2026-02-12 12:06:23,662 - StudentManager.MainWindow - INFO - Updating initial UI state...
2026-02-12 12:06:23,662 - StudentManager.MainWindow - INFO - MainWindow initialization complete!
2026-02-12 12:06:23,662 - StudentManager - INFO - Main window created successfully
2026-02-12 12:06:23,663 - StudentManager - INFO - Showing main window...
2026-02-12 12:06:23,839 - StudentManager - INFO - Main window displayed successfully
2026-02-12 12:06:23,839 - StudentManager - INFO - Starting event loop...
2026-02-12 12:07:56,796 - StudentManager - INFO - Application exited with code: 0
2026-02-12 12:07:56,812 - StudentManager - INFO - ================================================================================
2026-02-12 12:07:56,812 - StudentManager - INFO - APPLICATION SHUTDOWN - Exit code: 0
2026-02-12 12:07:56,813 - StudentManager - INFO - ================================================================================
