2026-02-12 11:25:29,452 - StudentManager - INFO - ================================================================================
2026-02-12 11:25:29,452 - StudentManager - INFO - Application Starting
2026-02-12 11:25:29,455 - StudentManager - INFO - Log file: logs\app_20260212_112529.log
2026-02-12 11:25:29,455 - StudentManager - INFO - ================================================================================
2026-02-12 11:25:29,456 - StudentManager - INFO - ================================================================================
2026-02-12 11:25:29,456 - StudentManager - INFO - STARTING MAIN APPLICATION
2026-02-12 11:25:29,457 - StudentManager - INFO - ================================================================================
2026-02-12 11:25:29,457 - StudentManager - DEBUG - Entering: Application Setup
2026-02-12 11:25:29,458 - StudentManager - INFO - Setting up application...
2026-02-12 11:25:29,458 - StudentManager - DEBUG - Enabling High DPI scaling
2026-02-12 11:25:29,460 - StudentManager - DEBUG - Creating QApplication instance
2026-02-12 11:25:29,608 - StudentManager - DEBUG - Resolving fonts for platform: win32
2026-02-12 11:25:29,615 - StudentManager - INFO - Font families selected: UI='Proxima Nova Rg', UI Medium='Proxima Nova Lt', UI Bold='Proxima Nova Th', Arabic='Dubai'
2026-02-12 11:25:29,616 - StudentManager - DEBUG - Applying theme...
2026-02-12 11:25:29,623 - StudentManager - INFO - Theme applied successfully
2026-02-12 11:25:29,623 - StudentManager - INFO - Application setup complete
2026-02-12 11:25:29,624 - StudentManager - DEBUG - Completed: Application Setup
2026-02-12 11:25:29,624 - StudentManager - INFO - Importing main window module...
2026-02-12 11:25:31,800 - StudentManager - INFO - Main window module imported successfully
2026-02-12 11:25:31,800 - StudentManager - INFO - Creating main window instance...
2026-02-12 11:25:31,801 - StudentManager.MainWindow - INFO - Initializing MainWindow...
2026-02-12 11:25:31,815 - StudentManager.MainWindow - DEBUG - Setting window properties...
2026-02-12 11:25:31,824 - StudentManager.MainWindow - DEBUG - Initializing data structures...
2026-02-12 11:25:31,828 - StudentManager.MainWindow - INFO - Setting up models...
2026-02-12 11:25:31,828 - StudentManager.MainWindow - INFO - Setting up UI...
2026-02-12 11:25:32,486 - StudentManager.MainWindow - INFO - Setting up menus...
2026-02-12 11:25:32,489 - StudentManager.MainWindow - INFO - Setting up connections...
2026-02-12 11:25:32,490 - StudentManager.MainWindow - INFO - Setting up observers...
2026-02-12 11:25:32,491 - StudentManager.MainWindow - INFO - Setting up drag & drop...
2026-02-12 11:25:32,491 - StudentManager.MainWindow - DEBUG - Applying stylesheet...
2026-02-12 11:25:32,505 - StudentManager.MainWindow - INFO - Loading saved state...
2026-02-12 11:25:32,507 - StudentManager.MainWindow - DEBUG - Scheduling auto-load...
2026-02-12 11:25:32,507 - StudentManager.MainWindow - INFO - Updating initial UI state...
2026-02-12 11:25:32,508 - StudentManager.MainWindow - INFO - MainWindow initialization complete!
2026-02-12 11:25:32,508 - StudentManager - INFO - Main window created successfully
2026-02-12 11:25:32,509 - StudentManager - INFO - Showing main window...
2026-02-12 11:25:32,746 - StudentManager - INFO - Main window displayed successfully
2026-02-12 11:25:32,746 - StudentManager - INFO - Starting event loop...
