2026-02-04 21:10:27,436 - StudentManager - INFO - ================================================================================
2026-02-04 21:10:27,437 - StudentManager - INFO - Application Starting
2026-02-04 21:10:27,437 - StudentManager - INFO - Log file: logs\app_20260204_211027.log
2026-02-04 21:10:27,437 - StudentManager - INFO - ================================================================================
2026-02-04 21:10:27,437 - StudentManager - INFO - ================================================================================
2026-02-04 21:10:27,437 - StudentManager - INFO - STARTUP DIAGNOSTICS TEST
2026-02-04 21:10:27,494 - StudentManager - INFO - ================================================================================
2026-02-04 21:10:27,494 - StudentManager - INFO - TEST 1: Importing PyQt5...
2026-02-04 21:10:27,534 - StudentManager - INFO - ✓ PyQt5 imported successfully
2026-02-04 21:10:27,539 - StudentManager - INFO - TEST 2: Importing styles...
2026-02-04 21:10:27,539 - StudentManager - INFO - ✓ Styles module imported successfully
2026-02-04 21:10:27,540 - StudentManager - INFO - TEST 3: Importing modern UI components...
2026-02-04 21:10:27,542 - StudentManager - INFO - ✓ Modern UI components imported successfully
2026-02-04 21:10:27,543 - StudentManager - INFO - TEST 4: Importing modern filter panel...
2026-02-04 21:10:28,241 - StudentManager - INFO - ✓ Modern filter panel imported successfully
2026-02-04 21:10:28,242 - StudentManager - INFO - TEST 5: Creating QApplication...
2026-02-04 21:10:28,260 - StudentManager - INFO - ✓ QApplication created successfully
2026-02-04 21:10:28,261 - StudentManager - INFO - TEST 6: Creating CompactHeader...
2026-02-04 21:10:28,293 - StudentManager - INFO - ✓ CompactHeader created successfully
2026-02-04 21:10:28,296 - StudentManager - INFO - TEST 7: Creating ModernActionBar...
2026-02-04 21:10:28,297 - StudentManager - INFO - ✓ ModernActionBar created successfully
2026-02-04 21:10:28,298 - StudentManager - INFO - TEST 8: Creating ModernSearchBar...
2026-02-04 21:10:28,306 - StudentManager - INFO - ✓ ModernSearchBar created successfully
2026-02-04 21:10:28,307 - StudentManager - INFO - TEST 9: Creating QuickFilterBar...
2026-02-04 21:10:28,308 - StudentManager - INFO - ✓ QuickFilterBar created successfully
2026-02-04 21:10:28,309 - StudentManager - INFO - TEST 10: Creating ModernFilterPanel...
2026-02-04 21:10:28,628 - StudentManager - INFO - ✓ ModernFilterPanel created successfully
2026-02-04 21:10:28,629 - StudentManager - INFO - TEST 11: Importing main window...
2026-02-04 21:10:28,924 - StudentManager - INFO - ✓ Main window module imported successfully
2026-02-04 21:10:28,924 - StudentManager - INFO - TEST 12: Creating main window instance...
2026-02-04 21:10:28,924 - StudentManager.MainWindow - INFO - Initializing MainWindow...
2026-02-04 21:10:28,925 - StudentManager.MainWindow - DEBUG - Setting window properties...
2026-02-04 21:10:28,926 - StudentManager.MainWindow - DEBUG - Initializing data structures...
2026-02-04 21:10:28,927 - StudentManager.MainWindow - INFO - Setting up models...
2026-02-04 21:10:28,927 - StudentManager.MainWindow - INFO - Setting up UI...
2026-02-04 21:10:28,977 - StudentManager.MainWindow - INFO - Setting up menus...
2026-02-04 21:10:28,978 - StudentManager.MainWindow - INFO - Setting up connections...
2026-02-04 21:10:28,978 - StudentManager.MainWindow - INFO - Setting up observers...
2026-02-04 21:10:28,978 - StudentManager.MainWindow - INFO - Setting up drag & drop...
2026-02-04 21:10:28,978 - StudentManager.MainWindow - DEBUG - Applying stylesheet...
2026-02-04 21:10:28,987 - StudentManager.MainWindow - INFO - Loading saved state...
2026-02-04 21:10:28,988 - StudentManager.MainWindow - DEBUG - Scheduling auto-load...
2026-02-04 21:10:28,988 - StudentManager.MainWindow - INFO - Updating initial UI state...
2026-02-04 21:10:28,988 - StudentManager.MainWindow - INFO - MainWindow initialization complete!
2026-02-04 21:10:28,988 - StudentManager - INFO - ✓ Main window created successfully
2026-02-04 21:10:28,989 - StudentManager - INFO - TEST 13: Showing main window...
2026-02-04 21:10:29,159 - StudentManager - INFO - ✓ Main window shown successfully
2026-02-04 21:10:29,160 - StudentManager - INFO - ================================================================================
2026-02-04 21:10:29,160 - StudentManager - INFO - ALL TESTS PASSED!
2026-02-04 21:10:29,160 - StudentManager - INFO - The application should now be visible.
2026-02-04 21:10:29,160 - StudentManager - INFO - Close the window to complete the test.
2026-02-04 21:10:29,160 - StudentManager - INFO - ================================================================================
