2026-02-04 22:09:33,330 - StudentManager - INFO - ================================================================================
2026-02-04 22:09:33,330 - StudentManager - INFO - Application Starting
2026-02-04 22:09:33,330 - StudentManager - INFO - Log file: logs\app_20260204_220933.log
2026-02-04 22:09:33,330 - StudentManager - INFO - ================================================================================
2026-02-04 22:09:33,330 - StudentManager - INFO - ================================================================================
2026-02-04 22:09:33,331 - StudentManager - INFO - STARTING MAIN APPLICATION
2026-02-04 22:09:33,332 - StudentManager - INFO - ================================================================================
2026-02-04 22:09:33,332 - StudentManager - DEBUG - Entering: Application Setup
2026-02-04 22:09:33,332 - StudentManager - INFO - Setting up application...
2026-02-04 22:09:33,333 - StudentManager - DEBUG - Enabling High DPI scaling
2026-02-04 22:09:33,333 - StudentManager - DEBUG - Creating QApplication instance
2026-02-04 22:09:33,372 - StudentManager - DEBUG - Setting font for platform: win32
2026-02-04 22:09:33,374 - StudentManager - DEBUG - Applying theme...
2026-02-04 22:09:33,375 - StudentManager - INFO - Theme applied successfully
2026-02-04 22:09:33,375 - StudentManager - INFO - Application setup complete
2026-02-04 22:09:33,376 - StudentManager - DEBUG - Completed: Application Setup
2026-02-04 22:09:33,376 - StudentManager - INFO - Importing main window module...
2026-02-04 22:09:34,134 - StudentManager - INFO - Main window module imported successfully
2026-02-04 22:09:34,134 - StudentManager - INFO - Creating main window instance...
2026-02-04 22:09:34,136 - StudentManager.MainWindow - INFO - Initializing MainWindow...
2026-02-04 22:09:34,136 - StudentManager.MainWindow - DEBUG - Setting window properties...
2026-02-04 22:09:34,142 - StudentManager.MainWindow - DEBUG - Initializing data structures...
2026-02-04 22:09:34,142 - StudentManager.MainWindow - INFO - Setting up models...
2026-02-04 22:09:34,143 - StudentManager.MainWindow - INFO - Setting up UI...
2026-02-04 22:09:34,438 - StudentManager.MainWindow - INFO - Setting up menus...
2026-02-04 22:09:34,440 - StudentManager.MainWindow - INFO - Setting up connections...
2026-02-04 22:09:34,440 - StudentManager.MainWindow - INFO - Setting up observers...
2026-02-04 22:09:34,440 - StudentManager.MainWindow - INFO - Setting up drag & drop...
2026-02-04 22:09:34,441 - StudentManager.MainWindow - DEBUG - Applying stylesheet...
2026-02-04 22:09:34,452 - StudentManager.MainWindow - INFO - Loading saved state...
2026-02-04 22:09:34,452 - StudentManager.MainWindow - DEBUG - Scheduling auto-load...
2026-02-04 22:09:34,453 - StudentManager.MainWindow - INFO - Updating initial UI state...
2026-02-04 22:09:34,453 - StudentManager.MainWindow - INFO - MainWindow initialization complete!
2026-02-04 22:09:34,454 - StudentManager - INFO - Main window created successfully
2026-02-04 22:09:34,454 - StudentManager - INFO - Showing main window...
2026-02-04 22:09:34,646 - StudentManager - INFO - Main window displayed successfully
2026-02-04 22:09:34,646 - StudentManager - INFO - Starting event loop...
2026-02-04 22:11:35,437 - StudentManager - INFO - Application exited with code: 0
2026-02-04 22:11:35,456 - StudentManager - INFO - ================================================================================
2026-02-04 22:11:35,456 - StudentManager - INFO - APPLICATION SHUTDOWN - Exit code: 0
2026-02-04 22:11:35,456 - StudentManager - INFO - ================================================================================
