2026-02-05 12:15:37,418 - StudentManager - INFO - ================================================================================
2026-02-05 12:15:37,418 - StudentManager - INFO - Application Starting
2026-02-05 12:15:37,419 - StudentManager - INFO - Log file: logs\app_20260205_121537.log
2026-02-05 12:15:37,419 - StudentManager - INFO - ================================================================================
2026-02-05 12:15:37,419 - StudentManager - INFO - ================================================================================
2026-02-05 12:15:37,419 - StudentManager - INFO - STARTING MAIN APPLICATION
2026-02-05 12:15:37,425 - StudentManager - INFO - ================================================================================
2026-02-05 12:15:37,425 - StudentManager - DEBUG - Entering: Application Setup
2026-02-05 12:15:37,426 - StudentManager - INFO - Setting up application...
2026-02-05 12:15:37,426 - StudentManager - DEBUG - Enabling High DPI scaling
2026-02-05 12:15:37,426 - StudentManager - DEBUG - Creating QApplication instance
2026-02-05 12:15:37,469 - StudentManager - DEBUG - Resolving fonts for platform: win32
2026-02-05 12:15:37,471 - StudentManager - INFO - Font families selected: UI='Proxima Nova Rg', UI Medium='Proxima Nova Lt', UI Bold='Proxima Nova Th', Arabic='Dubai'
2026-02-05 12:15:37,471 - StudentManager - DEBUG - Applying theme...
2026-02-05 12:15:37,473 - StudentManager - INFO - Theme applied successfully
2026-02-05 12:15:37,473 - StudentManager - INFO - Application setup complete
2026-02-05 12:15:37,473 - StudentManager - DEBUG - Completed: Application Setup
2026-02-05 12:15:37,473 - StudentManager - INFO - Importing main window module...
2026-02-05 12:15:38,263 - StudentManager - INFO - Main window module imported successfully
2026-02-05 12:15:38,264 - StudentManager - INFO - Creating main window instance...
2026-02-05 12:15:38,265 - StudentManager.MainWindow - INFO - Initializing MainWindow...
2026-02-05 12:15:38,266 - StudentManager.MainWindow - DEBUG - Setting window properties...
2026-02-05 12:15:38,271 - StudentManager.MainWindow - DEBUG - Initializing data structures...
2026-02-05 12:15:38,272 - StudentManager.MainWindow - INFO - Setting up models...
2026-02-05 12:15:38,272 - StudentManager.MainWindow - INFO - Setting up UI...
2026-02-05 12:15:38,668 - StudentManager.MainWindow - INFO - Setting up menus...
2026-02-05 12:15:38,670 - StudentManager.MainWindow - INFO - Setting up connections...
2026-02-05 12:15:38,670 - StudentManager.MainWindow - INFO - Setting up observers...
2026-02-05 12:15:38,670 - StudentManager.MainWindow - INFO - Setting up drag & drop...
2026-02-05 12:15:38,670 - StudentManager.MainWindow - DEBUG - Applying stylesheet...
2026-02-05 12:15:38,685 - StudentManager.MainWindow - INFO - Loading saved state...
2026-02-05 12:15:38,685 - StudentManager.MainWindow - DEBUG - Scheduling auto-load...
2026-02-05 12:15:38,685 - StudentManager.MainWindow - INFO - Updating initial UI state...
2026-02-05 12:15:38,685 - StudentManager.MainWindow - INFO - MainWindow initialization complete!
2026-02-05 12:15:38,687 - StudentManager - INFO - Main window created successfully
2026-02-05 12:15:38,687 - StudentManager - INFO - Showing main window...
2026-02-05 12:15:38,883 - StudentManager - INFO - Main window displayed successfully
2026-02-05 12:15:38,883 - StudentManager - INFO - Starting event loop...
2026-02-05 12:15:54,592 - StudentManager - INFO - Application exited with code: 0
2026-02-05 12:15:54,602 - StudentManager - INFO - ================================================================================
2026-02-05 12:15:54,602 - StudentManager - INFO - APPLICATION SHUTDOWN - Exit code: 0
2026-02-05 12:15:54,604 - StudentManager - INFO - ================================================================================
