2026-02-12 11:52:51,470 - StudentManager - INFO - ================================================================================
2026-02-12 11:52:51,470 - StudentManager - INFO - Application Starting
2026-02-12 11:52:51,471 - StudentManager - INFO - Log file: logs\app_20260212_115251.log
2026-02-12 11:52:51,471 - StudentManager - INFO - ================================================================================
2026-02-12 11:52:51,471 - StudentManager - INFO - ================================================================================
2026-02-12 11:52:51,472 - StudentManager - INFO - STARTING MAIN APPLICATION
2026-02-12 11:52:51,472 - StudentManager - INFO - ================================================================================
2026-02-12 11:52:51,472 - StudentManager - DEBUG - Entering: Application Setup
2026-02-12 11:52:51,473 - StudentManager - INFO - Setting up application...
2026-02-12 11:52:51,473 - StudentManager - DEBUG - Enabling High DPI scaling
2026-02-12 11:52:51,474 - StudentManager - DEBUG - Creating QApplication instance
2026-02-12 11:52:51,516 - StudentManager - DEBUG - Resolving fonts for platform: win32
2026-02-12 11:52:51,518 - StudentManager - INFO - Font families selected: UI='Proxima Nova Rg', UI Medium='Proxima Nova Lt', UI Bold='Proxima Nova Th', Arabic='Dubai'
2026-02-12 11:52:51,518 - StudentManager - DEBUG - Applying theme...
2026-02-12 11:52:51,519 - StudentManager - INFO - Theme applied successfully
2026-02-12 11:52:51,520 - StudentManager - INFO - Application setup complete
2026-02-12 11:52:51,520 - StudentManager - DEBUG - Completed: Application Setup
2026-02-12 11:52:51,520 - StudentManager - INFO - Importing main window module...
2026-02-12 11:52:52,301 - StudentManager - INFO - Main window module imported successfully
2026-02-12 11:52:52,301 - StudentManager - INFO - Creating main window instance...
2026-02-12 11:52:52,303 - StudentManager.MainWindow - INFO - Initializing MainWindow...
2026-02-12 11:52:52,304 - StudentManager.MainWindow - DEBUG - Setting window properties...
2026-02-12 11:52:52,309 - StudentManager.MainWindow - DEBUG - Initializing data structures...
2026-02-12 11:52:52,309 - StudentManager.MainWindow - INFO - Setting up models...
2026-02-12 11:52:52,309 - StudentManager.MainWindow - INFO - Setting up UI...
2026-02-12 11:52:52,619 - StudentManager.MainWindow - INFO - Setting up menus...
2026-02-12 11:52:52,621 - StudentManager.MainWindow - INFO - Setting up connections...
2026-02-12 11:52:52,622 - StudentManager.MainWindow - INFO - Setting up observers...
2026-02-12 11:52:52,622 - StudentManager.MainWindow - INFO - Setting up drag & drop...
2026-02-12 11:52:52,622 - StudentManager.MainWindow - DEBUG - Applying stylesheet...
2026-02-12 11:52:52,634 - StudentManager.MainWindow - INFO - Loading saved state...
2026-02-12 11:52:52,635 - StudentManager.MainWindow - DEBUG - Scheduling auto-load...
2026-02-12 11:52:52,635 - StudentManager.MainWindow - INFO - Updating initial UI state...
2026-02-12 11:52:52,635 - StudentManager.MainWindow - INFO - MainWindow initialization complete!
2026-02-12 11:52:52,636 - StudentManager - INFO - Main window created successfully
2026-02-12 11:52:52,636 - StudentManager - INFO - Showing main window...
2026-02-12 11:52:52,828 - StudentManager - INFO - Main window displayed successfully
2026-02-12 11:52:52,867 - StudentManager - INFO - Starting event loop...
2026-02-12 11:59:03,176 - StudentManager - INFO - Application exited with code: 0
2026-02-12 11:59:03,233 - StudentManager - INFO - ================================================================================
2026-02-12 11:59:03,234 - StudentManager - INFO - APPLICATION SHUTDOWN - Exit code: 0
2026-02-12 11:59:03,236 - StudentManager - INFO - ================================================================================
