2026-02-04 20:16:51,566 - StudentManager - INFO - ================================================================================
2026-02-04 20:16:51,566 - StudentManager - INFO - Application Starting
2026-02-04 20:16:51,566 - StudentManager - INFO - Log file: logs\app_20260204_201651.log
2026-02-04 20:16:51,566 - StudentManager - INFO - ================================================================================
2026-02-04 20:16:51,567 - StudentManager - INFO - ================================================================================
2026-02-04 20:16:51,567 - StudentManager - INFO - STARTING MAIN APPLICATION
2026-02-04 20:16:51,627 - StudentManager - INFO - ================================================================================
2026-02-04 20:16:51,628 - StudentManager - DEBUG - Entering: Application Setup
2026-02-04 20:16:51,628 - StudentManager - INFO - Setting up application...
2026-02-04 20:16:51,628 - StudentManager - DEBUG - Enabling High DPI scaling
2026-02-04 20:16:51,629 - StudentManager - DEBUG - Creating QApplication instance
2026-02-04 20:16:51,648 - StudentManager - DEBUG - Setting font for platform: win32
2026-02-04 20:16:51,649 - StudentManager - DEBUG - Applying theme...
2026-02-04 20:16:51,650 - StudentManager - INFO - Theme applied successfully
2026-02-04 20:16:51,650 - StudentManager - INFO - Application setup complete
2026-02-04 20:16:51,650 - StudentManager - DEBUG - Completed: Application Setup
2026-02-04 20:16:51,650 - StudentManager - INFO - Importing main window module...
2026-02-04 20:16:52,396 - StudentManager - INFO - Main window module imported successfully
2026-02-04 20:16:52,396 - StudentManager - INFO - Creating main window instance...
2026-02-04 20:16:52,399 - StudentManager.MainWindow - INFO - Initializing MainWindow...
2026-02-04 20:16:52,400 - StudentManager.MainWindow - DEBUG - Setting window properties...
2026-02-04 20:16:52,400 - StudentManager.MainWindow - DEBUG - Initializing data structures...
2026-02-04 20:16:52,401 - StudentManager.MainWindow - INFO - Setting up models...
2026-02-04 20:16:52,401 - StudentManager.MainWindow - INFO - Setting up UI...
2026-02-04 20:16:52,729 - StudentManager.MainWindow - INFO - Setting up menus...
2026-02-04 20:16:52,730 - StudentManager.MainWindow - INFO - Setting up connections...
2026-02-04 20:16:52,731 - StudentManager.MainWindow - INFO - Setting up observers...
2026-02-04 20:16:52,731 - StudentManager.MainWindow - INFO - Setting up drag & drop...
2026-02-04 20:16:52,731 - StudentManager.MainWindow - DEBUG - Applying stylesheet...
2026-02-04 20:16:52,742 - StudentManager.MainWindow - INFO - Loading saved state...
2026-02-04 20:16:52,742 - StudentManager.MainWindow - DEBUG - Scheduling auto-load...
2026-02-04 20:16:52,743 - StudentManager.MainWindow - INFO - Updating initial UI state...
2026-02-04 20:16:52,743 - StudentManager.MainWindow - INFO - MainWindow initialization complete!
2026-02-04 20:16:52,743 - StudentManager - INFO - Main window created successfully
2026-02-04 20:16:52,744 - StudentManager - INFO - Showing main window...
2026-02-04 20:16:52,922 - StudentManager - INFO - Main window displayed successfully
2026-02-04 20:16:52,923 - StudentManager - INFO - Starting event loop...
