2026-02-04 20:00:24,240 - StudentManager - INFO - ================================================================================
2026-02-04 20:00:24,240 - StudentManager - INFO - Application Starting
2026-02-04 20:00:24,241 - StudentManager - INFO - Log file: logs\app_20260204_200024.log
2026-02-04 20:00:24,241 - StudentManager - INFO - ================================================================================
2026-02-04 20:00:24,241 - StudentManager - INFO - ================================================================================
2026-02-04 20:00:24,241 - StudentManager - INFO - STARTING MAIN APPLICATION
2026-02-04 20:00:24,245 - StudentManager - INFO - ================================================================================
2026-02-04 20:00:24,245 - StudentManager - DEBUG - Entering: Application Setup
2026-02-04 20:00:24,245 - StudentManager - INFO - Setting up application...
2026-02-04 20:00:24,245 - StudentManager - DEBUG - Enabling High DPI scaling
2026-02-04 20:00:24,246 - StudentManager - DEBUG - Creating QApplication instance
2026-02-04 20:00:24,267 - StudentManager - DEBUG - Setting font for platform: win32
2026-02-04 20:00:24,268 - StudentManager - DEBUG - Applying theme...
2026-02-04 20:00:24,269 - StudentManager - INFO - Theme applied successfully
2026-02-04 20:00:24,269 - StudentManager - INFO - Application setup complete
2026-02-04 20:00:24,269 - StudentManager - DEBUG - Completed: Application Setup
2026-02-04 20:00:24,269 - StudentManager - INFO - Importing main window module...
2026-02-04 20:00:25,076 - StudentManager - INFO - Main window module imported successfully
2026-02-04 20:00:25,077 - StudentManager - INFO - Creating main window instance...
2026-02-04 20:00:25,078 - StudentManager.MainWindow - INFO - Initializing MainWindow...
2026-02-04 20:00:25,079 - StudentManager.MainWindow - DEBUG - Setting window properties...
2026-02-04 20:00:25,079 - StudentManager.MainWindow - DEBUG - Initializing data structures...
2026-02-04 20:00:25,080 - StudentManager.MainWindow - INFO - Setting up models...
2026-02-04 20:00:25,080 - StudentManager.MainWindow - INFO - Setting up UI...
2026-02-04 20:00:25,451 - StudentManager.MainWindow - INFO - Setting up menus...
2026-02-04 20:00:25,452 - StudentManager.MainWindow - INFO - Setting up connections...
2026-02-04 20:00:25,453 - StudentManager.MainWindow - INFO - Setting up observers...
2026-02-04 20:00:25,453 - StudentManager.MainWindow - INFO - Setting up drag & drop...
2026-02-04 20:00:25,453 - StudentManager.MainWindow - DEBUG - Applying stylesheet...
2026-02-04 20:00:25,465 - StudentManager.MainWindow - INFO - Loading saved state...
2026-02-04 20:00:25,466 - StudentManager.MainWindow - DEBUG - Scheduling auto-load...
2026-02-04 20:00:25,466 - StudentManager.MainWindow - INFO - Updating initial UI state...
2026-02-04 20:00:25,467 - StudentManager.MainWindow - INFO - MainWindow initialization complete!
2026-02-04 20:00:25,467 - StudentManager - INFO - Main window created successfully
2026-02-04 20:00:25,467 - StudentManager - INFO - Showing main window...
2026-02-04 20:00:25,674 - StudentManager - INFO - Main window displayed successfully
2026-02-04 20:00:25,674 - StudentManager - INFO - Starting event loop...
