2026-02-12 11:29:11,541 - StudentManager - INFO - ================================================================================
2026-02-12 11:29:11,542 - StudentManager - INFO - Application Starting
2026-02-12 11:29:11,542 - StudentManager - INFO - Log file: logs\app_20260212_112911.log
2026-02-12 11:29:11,542 - StudentManager - INFO - ================================================================================
2026-02-12 11:29:11,543 - StudentManager - INFO - ================================================================================
2026-02-12 11:29:11,543 - StudentManager - INFO - STARTING MAIN APPLICATION
2026-02-12 11:29:11,549 - StudentManager - INFO - ================================================================================
2026-02-12 11:29:11,549 - StudentManager - DEBUG - Entering: Application Setup
2026-02-12 11:29:11,549 - StudentManager - INFO - Setting up application...
2026-02-12 11:29:11,550 - StudentManager - DEBUG - Enabling High DPI scaling
2026-02-12 11:29:11,550 - StudentManager - DEBUG - Creating QApplication instance
2026-02-12 11:29:11,593 - StudentManager - DEBUG - Resolving fonts for platform: win32
2026-02-12 11:29:11,595 - StudentManager - INFO - Font families selected: UI='Proxima Nova Rg', UI Medium='Proxima Nova Lt', UI Bold='Proxima Nova Th', Arabic='Dubai'
2026-02-12 11:29:11,595 - StudentManager - DEBUG - Applying theme...
2026-02-12 11:29:11,595 - StudentManager - INFO - Theme applied successfully
2026-02-12 11:29:11,596 - StudentManager - INFO - Application setup complete
2026-02-12 11:29:11,596 - StudentManager - DEBUG - Completed: Application Setup
2026-02-12 11:29:11,596 - StudentManager - INFO - Importing main window module...
2026-02-12 11:29:12,437 - StudentManager - INFO - Main window module imported successfully
2026-02-12 11:29:12,437 - StudentManager - INFO - Creating main window instance...
2026-02-12 11:29:12,439 - StudentManager.MainWindow - INFO - Initializing MainWindow...
2026-02-12 11:29:12,439 - StudentManager.MainWindow - DEBUG - Setting window properties...
2026-02-12 11:29:12,451 - StudentManager.MainWindow - DEBUG - Initializing data structures...
2026-02-12 11:29:12,452 - StudentManager.MainWindow - INFO - Setting up models...
2026-02-12 11:29:12,452 - StudentManager.MainWindow - INFO - Setting up UI...
2026-02-12 11:29:12,873 - StudentManager.MainWindow - INFO - Setting up menus...
2026-02-12 11:29:12,875 - StudentManager.MainWindow - INFO - Setting up connections...
2026-02-12 11:29:12,876 - StudentManager.MainWindow - INFO - Setting up observers...
2026-02-12 11:29:12,876 - StudentManager.MainWindow - INFO - Setting up drag & drop...
2026-02-12 11:29:12,877 - StudentManager.MainWindow - DEBUG - Applying stylesheet...
2026-02-12 11:29:12,889 - StudentManager.MainWindow - INFO - Loading saved state...
2026-02-12 11:29:12,894 - StudentManager.MainWindow - DEBUG - Scheduling auto-load...
2026-02-12 11:29:12,894 - StudentManager.MainWindow - INFO - Updating initial UI state...
2026-02-12 11:29:12,895 - StudentManager.MainWindow - INFO - MainWindow initialization complete!
2026-02-12 11:29:12,895 - StudentManager - INFO - Main window created successfully
2026-02-12 11:29:12,895 - StudentManager - INFO - Showing main window...
2026-02-12 11:29:13,102 - StudentManager - INFO - Main window displayed successfully
2026-02-12 11:29:13,103 - StudentManager - INFO - Starting event loop...
2026-02-12 11:33:18,838 - StudentManager - INFO - Application exited with code: 0
2026-02-12 11:33:18,882 - StudentManager - INFO - ================================================================================
2026-02-12 11:33:18,882 - StudentManager - INFO - APPLICATION SHUTDOWN - Exit code: 0
2026-02-12 11:33:18,883 - StudentManager - INFO - ================================================================================
