2026-02-05 11:15:34,920 - StudentManager - INFO - ================================================================================
2026-02-05 11:15:34,921 - StudentManager - INFO - Application Starting
2026-02-05 11:15:34,921 - StudentManager - INFO - Log file: logs\app_20260205_111534.log
2026-02-05 11:15:34,921 - StudentManager - INFO - ================================================================================
2026-02-05 11:15:34,922 - StudentManager - INFO - ================================================================================
2026-02-05 11:15:34,922 - StudentManager - INFO - STARTING MAIN APPLICATION
2026-02-05 11:15:34,922 - StudentManager - INFO - ================================================================================
2026-02-05 11:15:34,922 - StudentManager - DEBUG - Entering: Application Setup
2026-02-05 11:15:34,923 - StudentManager - INFO - Setting up application...
2026-02-05 11:15:34,923 - StudentManager - DEBUG - Enabling High DPI scaling
2026-02-05 11:15:34,923 - StudentManager - DEBUG - Creating QApplication instance
2026-02-05 11:15:34,971 - StudentManager - DEBUG - Resolving fonts for platform: win32
2026-02-05 11:15:34,974 - StudentManager - INFO - Font families selected: UI='Proxima Nova Rg', UI Medium='Proxima Nova Lt', UI Bold='Proxima Nova Th', Arabic='Dubai'
2026-02-05 11:15:34,974 - StudentManager - DEBUG - Applying theme...
2026-02-05 11:15:34,975 - StudentManager - INFO - Theme applied successfully
2026-02-05 11:15:34,975 - StudentManager - INFO - Application setup complete
2026-02-05 11:15:34,975 - StudentManager - DEBUG - Completed: Application Setup
2026-02-05 11:15:34,976 - StudentManager - INFO - Importing main window module...
2026-02-05 11:15:35,887 - StudentManager - INFO - Main window module imported successfully
2026-02-05 11:15:35,887 - StudentManager - INFO - Creating main window instance...
2026-02-05 11:15:35,888 - StudentManager.MainWindow - INFO - Initializing MainWindow...
2026-02-05 11:15:35,889 - StudentManager.MainWindow - DEBUG - Setting window properties...
2026-02-05 11:15:35,896 - StudentManager.MainWindow - DEBUG - Initializing data structures...
2026-02-05 11:15:35,897 - StudentManager.MainWindow - INFO - Setting up models...
2026-02-05 11:15:35,897 - StudentManager.MainWindow - INFO - Setting up UI...
2026-02-05 11:15:36,282 - StudentManager.MainWindow - INFO - Setting up menus...
2026-02-05 11:15:36,284 - StudentManager.MainWindow - INFO - Setting up connections...
2026-02-05 11:15:36,284 - StudentManager.MainWindow - INFO - Setting up observers...
2026-02-05 11:15:36,284 - StudentManager.MainWindow - INFO - Setting up drag & drop...
2026-02-05 11:15:36,285 - StudentManager.MainWindow - DEBUG - Applying stylesheet...
2026-02-05 11:15:36,299 - StudentManager.MainWindow - INFO - Loading saved state...
2026-02-05 11:15:36,300 - StudentManager.MainWindow - DEBUG - Scheduling auto-load...
2026-02-05 11:15:36,301 - StudentManager.MainWindow - INFO - Updating initial UI state...
2026-02-05 11:15:36,301 - StudentManager.MainWindow - INFO - MainWindow initialization complete!
2026-02-05 11:15:36,301 - StudentManager - INFO - Main window created successfully
2026-02-05 11:15:36,301 - StudentManager - INFO - Showing main window...
2026-02-05 11:15:36,499 - StudentManager - INFO - Main window displayed successfully
2026-02-05 11:15:36,500 - StudentManager - INFO - Starting event loop...
2026-02-05 11:20:21,852 - StudentManager - INFO - Application exited with code: 0
2026-02-05 11:20:21,865 - StudentManager - INFO - ================================================================================
2026-02-05 11:20:21,865 - StudentManager - INFO - APPLICATION SHUTDOWN - Exit code: 0
2026-02-05 11:20:21,865 - StudentManager - INFO - ================================================================================
