2026-02-05 11:20:26,298 - StudentManager - INFO - ================================================================================
2026-02-05 11:20:26,298 - StudentManager - INFO - Application Starting
2026-02-05 11:20:26,298 - StudentManager - INFO - Log file: logs\app_20260205_112026.log
2026-02-05 11:20:26,299 - StudentManager - INFO - ================================================================================
2026-02-05 11:20:26,299 - StudentManager - INFO - ================================================================================
2026-02-05 11:20:26,299 - StudentManager - INFO - STARTING MAIN APPLICATION
2026-02-05 11:20:26,299 - StudentManager - INFO - ================================================================================
2026-02-05 11:20:26,299 - StudentManager - DEBUG - Entering: Application Setup
2026-02-05 11:20:26,300 - StudentManager - INFO - Setting up application...
2026-02-05 11:20:26,300 - StudentManager - DEBUG - Enabling High DPI scaling
2026-02-05 11:20:26,300 - StudentManager - DEBUG - Creating QApplication instance
2026-02-05 11:20:26,346 - StudentManager - DEBUG - Resolving fonts for platform: win32
2026-02-05 11:20:26,348 - StudentManager - INFO - Font families selected: UI='Proxima Nova Rg', UI Medium='Proxima Nova Lt', UI Bold='Proxima Nova Th', Arabic='Dubai'
2026-02-05 11:20:26,348 - StudentManager - DEBUG - Applying theme...
2026-02-05 11:20:26,349 - StudentManager - INFO - Theme applied successfully
2026-02-05 11:20:26,350 - StudentManager - INFO - Application setup complete
2026-02-05 11:20:26,350 - StudentManager - DEBUG - Completed: Application Setup
2026-02-05 11:20:26,350 - StudentManager - INFO - Importing main window module...
2026-02-05 11:20:27,193 - StudentManager - INFO - Main window module imported successfully
2026-02-05 11:20:27,193 - StudentManager - INFO - Creating main window instance...
2026-02-05 11:20:27,195 - StudentManager.MainWindow - INFO - Initializing MainWindow...
2026-02-05 11:20:27,196 - StudentManager.MainWindow - DEBUG - Setting window properties...
2026-02-05 11:20:27,200 - StudentManager.MainWindow - DEBUG - Initializing data structures...
2026-02-05 11:20:27,201 - StudentManager.MainWindow - INFO - Setting up models...
2026-02-05 11:20:27,202 - StudentManager.MainWindow - INFO - Setting up UI...
2026-02-05 11:20:27,543 - StudentManager.MainWindow - INFO - Setting up menus...
2026-02-05 11:20:27,544 - StudentManager.MainWindow - INFO - Setting up connections...
2026-02-05 11:20:27,545 - StudentManager.MainWindow - INFO - Setting up observers...
2026-02-05 11:20:27,545 - StudentManager.MainWindow - INFO - Setting up drag & drop...
2026-02-05 11:20:27,546 - StudentManager.MainWindow - DEBUG - Applying stylesheet...
2026-02-05 11:20:27,559 - StudentManager.MainWindow - INFO - Loading saved state...
2026-02-05 11:20:27,560 - StudentManager.MainWindow - DEBUG - Scheduling auto-load...
2026-02-05 11:20:27,560 - StudentManager.MainWindow - INFO - Updating initial UI state...
2026-02-05 11:20:27,561 - StudentManager.MainWindow - INFO - MainWindow initialization complete!
2026-02-05 11:20:27,561 - StudentManager - INFO - Main window created successfully
2026-02-05 11:20:27,561 - StudentManager - INFO - Showing main window...
2026-02-05 11:20:27,759 - StudentManager - INFO - Main window displayed successfully
2026-02-05 11:20:27,760 - StudentManager - INFO - Starting event loop...
2026-02-05 11:26:39,095 - StudentManager - INFO - Application exited with code: 0
2026-02-05 11:26:39,114 - StudentManager - INFO - ================================================================================
2026-02-05 11:26:39,116 - StudentManager - INFO - APPLICATION SHUTDOWN - Exit code: 0
2026-02-05 11:26:39,117 - StudentManager - INFO - ================================================================================
