2026-02-05 11:09:47,882 - StudentManager - INFO - ================================================================================
2026-02-05 11:09:47,883 - StudentManager - INFO - Application Starting
2026-02-05 11:09:47,884 - StudentManager - INFO - Log file: logs\app_20260205_110947.log
2026-02-05 11:09:47,884 - StudentManager - INFO - ================================================================================
2026-02-05 11:09:47,885 - StudentManager - INFO - ================================================================================
2026-02-05 11:09:47,885 - StudentManager - INFO - STARTING MAIN APPLICATION
2026-02-05 11:09:47,885 - StudentManager - INFO - ================================================================================
2026-02-05 11:09:47,885 - StudentManager - DEBUG - Entering: Application Setup
2026-02-05 11:09:47,885 - StudentManager - INFO - Setting up application...
2026-02-05 11:09:47,886 - StudentManager - DEBUG - Enabling High DPI scaling
2026-02-05 11:09:47,888 - StudentManager - DEBUG - Creating QApplication instance
2026-02-05 11:09:48,004 - StudentManager - DEBUG - Resolving fonts for platform: win32
2026-02-05 11:09:48,011 - StudentManager - INFO - Font families selected: UI='Proxima Nova Rg', Arabic='Dubai'
2026-02-05 11:09:48,011 - StudentManager - DEBUG - Applying theme...
2026-02-05 11:09:48,018 - StudentManager - INFO - Theme applied successfully
2026-02-05 11:09:48,018 - StudentManager - INFO - Application setup complete
2026-02-05 11:09:48,018 - StudentManager - DEBUG - Completed: Application Setup
2026-02-05 11:09:48,019 - StudentManager - INFO - Importing main window module...
2026-02-05 11:09:49,794 - StudentManager - INFO - Main window module imported successfully
2026-02-05 11:09:49,794 - StudentManager - INFO - Creating main window instance...
2026-02-05 11:09:49,795 - StudentManager.MainWindow - INFO - Initializing MainWindow...
2026-02-05 11:09:49,804 - StudentManager.MainWindow - DEBUG - Setting window properties...
2026-02-05 11:09:49,809 - StudentManager.MainWindow - DEBUG - Initializing data structures...
2026-02-05 11:09:49,811 - StudentManager.MainWindow - INFO - Setting up models...
2026-02-05 11:09:49,812 - StudentManager.MainWindow - INFO - Setting up UI...
2026-02-05 11:09:50,222 - StudentManager.MainWindow - INFO - Setting up menus...
2026-02-05 11:09:50,226 - StudentManager.MainWindow - INFO - Setting up connections...
2026-02-05 11:09:50,227 - StudentManager.MainWindow - INFO - Setting up observers...
2026-02-05 11:09:50,227 - StudentManager.MainWindow - INFO - Setting up drag & drop...
2026-02-05 11:09:50,227 - StudentManager.MainWindow - DEBUG - Applying stylesheet...
2026-02-05 11:09:50,241 - StudentManager.MainWindow - INFO - Loading saved state...
2026-02-05 11:09:50,242 - StudentManager.MainWindow - DEBUG - Scheduling auto-load...
2026-02-05 11:09:50,246 - StudentManager.MainWindow - INFO - Updating initial UI state...
2026-02-05 11:09:50,247 - StudentManager.MainWindow - INFO - MainWindow initialization complete!
2026-02-05 11:09:50,247 - StudentManager - INFO - Main window created successfully
2026-02-05 11:09:50,248 - StudentManager - INFO - Showing main window...
2026-02-05 11:09:50,436 - StudentManager - INFO - Main window displayed successfully
2026-02-05 11:09:50,437 - StudentManager - INFO - Starting event loop...
