2026-02-04 22:11:39,059 - StudentManager - INFO - ================================================================================
2026-02-04 22:11:39,060 - StudentManager - INFO - Application Starting
2026-02-04 22:11:39,061 - StudentManager - INFO - Log file: logs\app_20260204_221139.log
2026-02-04 22:11:39,061 - StudentManager - INFO - ================================================================================
2026-02-04 22:11:39,062 - StudentManager - INFO - ================================================================================
2026-02-04 22:11:39,062 - StudentManager - INFO - STARTING MAIN APPLICATION
2026-02-04 22:11:39,062 - StudentManager - INFO - ================================================================================
2026-02-04 22:11:39,063 - StudentManager - DEBUG - Entering: Application Setup
2026-02-04 22:11:39,063 - StudentManager - INFO - Setting up application...
2026-02-04 22:11:39,063 - StudentManager - DEBUG - Enabling High DPI scaling
2026-02-04 22:11:39,064 - StudentManager - DEBUG - Creating QApplication instance
2026-02-04 22:11:39,109 - StudentManager - DEBUG - Setting font for platform: win32
2026-02-04 22:11:39,111 - StudentManager - DEBUG - Applying theme...
2026-02-04 22:11:39,112 - StudentManager - INFO - Theme applied successfully
2026-02-04 22:11:39,112 - StudentManager - INFO - Application setup complete
2026-02-04 22:11:39,112 - StudentManager - DEBUG - Completed: Application Setup
2026-02-04 22:11:39,113 - StudentManager - INFO - Importing main window module...
2026-02-04 22:11:39,982 - StudentManager - INFO - Main window module imported successfully
2026-02-04 22:11:39,982 - StudentManager - INFO - Creating main window instance...
2026-02-04 22:11:39,983 - StudentManager.MainWindow - INFO - Initializing MainWindow...
2026-02-04 22:11:39,984 - StudentManager.MainWindow - DEBUG - Setting window properties...
2026-02-04 22:11:39,989 - StudentManager.MainWindow - DEBUG - Initializing data structures...
2026-02-04 22:11:39,990 - StudentManager.MainWindow - INFO - Setting up models...
2026-02-04 22:11:39,990 - StudentManager.MainWindow - INFO - Setting up UI...
2026-02-04 22:11:40,342 - StudentManager.MainWindow - INFO - Setting up menus...
2026-02-04 22:11:40,344 - StudentManager.MainWindow - INFO - Setting up connections...
2026-02-04 22:11:40,344 - StudentManager.MainWindow - INFO - Setting up observers...
2026-02-04 22:11:40,344 - StudentManager.MainWindow - INFO - Setting up drag & drop...
2026-02-04 22:11:40,345 - StudentManager.MainWindow - DEBUG - Applying stylesheet...
2026-02-04 22:11:40,356 - StudentManager.MainWindow - INFO - Loading saved state...
2026-02-04 22:11:40,357 - StudentManager.MainWindow - DEBUG - Scheduling auto-load...
2026-02-04 22:11:40,357 - StudentManager.MainWindow - INFO - Updating initial UI state...
2026-02-04 22:11:40,357 - StudentManager.MainWindow - INFO - MainWindow initialization complete!
2026-02-04 22:11:40,357 - StudentManager - INFO - Main window created successfully
2026-02-04 22:11:40,358 - StudentManager - INFO - Showing main window...
2026-02-04 22:11:40,535 - StudentManager - INFO - Main window displayed successfully
2026-02-04 22:11:40,536 - StudentManager - INFO - Starting event loop...
2026-02-04 22:16:02,082 - StudentManager - INFO - Application exited with code: 0
2026-02-04 22:16:02,119 - StudentManager - INFO - ================================================================================
2026-02-04 22:16:02,119 - StudentManager - INFO - APPLICATION SHUTDOWN - Exit code: 0
2026-02-04 22:16:02,120 - StudentManager - INFO - ================================================================================
