2026-02-04 22:05:18,323 - StudentManager - INFO - ================================================================================
2026-02-04 22:05:18,324 - StudentManager - INFO - Application Starting
2026-02-04 22:05:18,324 - StudentManager - INFO - Log file: logs\app_20260204_220518.log
2026-02-04 22:05:18,325 - StudentManager - INFO - ================================================================================
2026-02-04 22:05:18,325 - StudentManager - INFO - ================================================================================
2026-02-04 22:05:18,325 - StudentManager - INFO - STARTING MAIN APPLICATION
2026-02-04 22:05:18,332 - StudentManager - INFO - ================================================================================
2026-02-04 22:05:18,332 - StudentManager - DEBUG - Entering: Application Setup
2026-02-04 22:05:18,332 - StudentManager - INFO - Setting up application...
2026-02-04 22:05:18,332 - StudentManager - DEBUG - Enabling High DPI scaling
2026-02-04 22:05:18,333 - StudentManager - DEBUG - Creating QApplication instance
2026-02-04 22:05:18,371 - StudentManager - DEBUG - Setting font for platform: win32
2026-02-04 22:05:18,374 - StudentManager - DEBUG - Applying theme...
2026-02-04 22:05:18,375 - StudentManager - INFO - Theme applied successfully
2026-02-04 22:05:18,375 - StudentManager - INFO - Application setup complete
2026-02-04 22:05:18,375 - StudentManager - DEBUG - Completed: Application Setup
2026-02-04 22:05:18,375 - StudentManager - INFO - Importing main window module...
2026-02-04 22:05:19,205 - StudentManager - INFO - Main window module imported successfully
2026-02-04 22:05:19,205 - StudentManager - INFO - Creating main window instance...
2026-02-04 22:05:19,207 - StudentManager.MainWindow - INFO - Initializing MainWindow...
2026-02-04 22:05:19,207 - StudentManager.MainWindow - DEBUG - Setting window properties...
2026-02-04 22:05:19,209 - StudentManager.MainWindow - DEBUG - Initializing data structures...
2026-02-04 22:05:19,211 - StudentManager.MainWindow - INFO - Setting up models...
2026-02-04 22:05:19,211 - StudentManager.MainWindow - INFO - Setting up UI...
2026-02-04 22:05:19,554 - StudentManager.MainWindow - INFO - Setting up menus...
2026-02-04 22:05:19,555 - StudentManager.MainWindow - INFO - Setting up connections...
2026-02-04 22:05:19,556 - StudentManager.MainWindow - INFO - Setting up observers...
2026-02-04 22:05:19,557 - StudentManager.MainWindow - INFO - Setting up drag & drop...
2026-02-04 22:05:19,557 - StudentManager.MainWindow - DEBUG - Applying stylesheet...
2026-02-04 22:05:19,566 - StudentManager.MainWindow - INFO - Loading saved state...
2026-02-04 22:05:19,568 - StudentManager.MainWindow - DEBUG - Scheduling auto-load...
2026-02-04 22:05:19,568 - StudentManager.MainWindow - INFO - Updating initial UI state...
2026-02-04 22:05:19,569 - StudentManager.MainWindow - INFO - MainWindow initialization complete!
2026-02-04 22:05:19,569 - StudentManager - INFO - Main window created successfully
2026-02-04 22:05:19,569 - StudentManager - INFO - Showing main window...
2026-02-04 22:05:19,766 - StudentManager - INFO - Main window displayed successfully
2026-02-04 22:05:19,767 - StudentManager - INFO - Starting event loop...
2026-02-04 22:09:26,584 - StudentManager - INFO - Application exited with code: 0
2026-02-04 22:09:26,597 - StudentManager - INFO - ================================================================================
2026-02-04 22:09:26,597 - StudentManager - INFO - APPLICATION SHUTDOWN - Exit code: 0
2026-02-04 22:09:26,598 - StudentManager - INFO - ================================================================================
