2026-02-04 20:28:23,581 - StudentManager - INFO - ================================================================================
2026-02-04 20:28:23,582 - StudentManager - INFO - Application Starting
2026-02-04 20:28:23,582 - StudentManager - INFO - Log file: logs\app_20260204_202823.log
2026-02-04 20:28:23,582 - StudentManager - INFO - ================================================================================
2026-02-04 20:28:23,583 - StudentManager - INFO - ================================================================================
2026-02-04 20:28:23,583 - StudentManager - INFO - STARTING MAIN APPLICATION
2026-02-04 20:28:23,585 - StudentManager - INFO - ================================================================================
2026-02-04 20:28:23,585 - StudentManager - DEBUG - Entering: Application Setup
2026-02-04 20:28:23,585 - StudentManager - INFO - Setting up application...
2026-02-04 20:28:23,586 - StudentManager - DEBUG - Enabling High DPI scaling
2026-02-04 20:28:23,586 - StudentManager - DEBUG - Creating QApplication instance
2026-02-04 20:28:23,609 - StudentManager - DEBUG - Setting font for platform: win32
2026-02-04 20:28:23,609 - StudentManager - DEBUG - Applying theme...
2026-02-04 20:28:23,610 - StudentManager - INFO - Theme applied successfully
2026-02-04 20:28:23,610 - StudentManager - INFO - Application setup complete
2026-02-04 20:28:23,610 - StudentManager - DEBUG - Completed: Application Setup
2026-02-04 20:28:23,611 - StudentManager - INFO - Importing main window module...
2026-02-04 20:28:24,334 - StudentManager - INFO - Main window module imported successfully
2026-02-04 20:28:24,334 - StudentManager - INFO - Creating main window instance...
2026-02-04 20:28:24,335 - StudentManager.MainWindow - INFO - Initializing MainWindow...
2026-02-04 20:28:24,336 - StudentManager.MainWindow - DEBUG - Setting window properties...
2026-02-04 20:28:24,336 - StudentManager.MainWindow - DEBUG - Initializing data structures...
2026-02-04 20:28:24,338 - StudentManager.MainWindow - INFO - Setting up models...
2026-02-04 20:28:24,338 - StudentManager.MainWindow - INFO - Setting up UI...
2026-02-04 20:28:24,728 - StudentManager.MainWindow - INFO - Setting up menus...
2026-02-04 20:28:24,730 - StudentManager.MainWindow - INFO - Setting up connections...
2026-02-04 20:28:24,731 - StudentManager.MainWindow - INFO - Setting up observers...
2026-02-04 20:28:24,731 - StudentManager.MainWindow - INFO - Setting up drag & drop...
2026-02-04 20:28:24,731 - StudentManager.MainWindow - DEBUG - Applying stylesheet...
2026-02-04 20:28:24,742 - StudentManager.MainWindow - INFO - Loading saved state...
2026-02-04 20:28:24,743 - StudentManager.MainWindow - DEBUG - Scheduling auto-load...
2026-02-04 20:28:24,743 - StudentManager.MainWindow - INFO - Updating initial UI state...
2026-02-04 20:28:24,744 - StudentManager.MainWindow - INFO - MainWindow initialization complete!
2026-02-04 20:28:24,744 - StudentManager - INFO - Main window created successfully
2026-02-04 20:28:24,744 - StudentManager - INFO - Showing main window...
2026-02-04 20:28:24,918 - StudentManager - INFO - Main window displayed successfully
2026-02-04 20:28:24,918 - StudentManager - INFO - Starting event loop...
