2026-02-04 20:07:55,857 - StudentManager - INFO - ================================================================================
2026-02-04 20:07:55,857 - StudentManager - INFO - Application Starting
2026-02-04 20:07:55,857 - StudentManager - INFO - Log file: logs\app_20260204_200755.log
2026-02-04 20:07:55,858 - StudentManager - INFO - ================================================================================
2026-02-04 20:07:55,858 - StudentManager - INFO - ================================================================================
2026-02-04 20:07:55,858 - StudentManager - INFO - STARTING MAIN APPLICATION
2026-02-04 20:07:55,858 - StudentManager - INFO - ================================================================================
2026-02-04 20:07:55,859 - StudentManager - DEBUG - Entering: Application Setup
2026-02-04 20:07:55,859 - StudentManager - INFO - Setting up application...
2026-02-04 20:07:55,859 - StudentManager - DEBUG - Enabling High DPI scaling
2026-02-04 20:07:55,860 - StudentManager - DEBUG - Creating QApplication instance
2026-02-04 20:07:55,880 - StudentManager - DEBUG - Setting font for platform: win32
2026-02-04 20:07:55,880 - StudentManager - DEBUG - Applying theme...
2026-02-04 20:07:55,881 - StudentManager - INFO - Theme applied successfully
2026-02-04 20:07:55,881 - StudentManager - INFO - Application setup complete
2026-02-04 20:07:55,881 - StudentManager - DEBUG - Completed: Application Setup
2026-02-04 20:07:55,882 - StudentManager - INFO - Importing main window module...
2026-02-04 20:07:56,740 - StudentManager - INFO - Main window module imported successfully
2026-02-04 20:07:56,740 - StudentManager - INFO - Creating main window instance...
2026-02-04 20:07:56,741 - StudentManager.MainWindow - INFO - Initializing MainWindow...
2026-02-04 20:07:56,742 - StudentManager.MainWindow - DEBUG - Setting window properties...
2026-02-04 20:07:56,742 - StudentManager.MainWindow - DEBUG - Initializing data structures...
2026-02-04 20:07:56,743 - StudentManager.MainWindow - INFO - Setting up models...
2026-02-04 20:07:56,743 - StudentManager.MainWindow - INFO - Setting up UI...
2026-02-04 20:07:57,100 - StudentManager.MainWindow - INFO - Setting up menus...
2026-02-04 20:07:57,102 - StudentManager.MainWindow - INFO - Setting up connections...
2026-02-04 20:07:57,102 - StudentManager.MainWindow - INFO - Setting up observers...
2026-02-04 20:07:57,103 - StudentManager.MainWindow - INFO - Setting up drag & drop...
2026-02-04 20:07:57,104 - StudentManager.MainWindow - DEBUG - Applying stylesheet...
2026-02-04 20:07:57,115 - StudentManager.MainWindow - INFO - Loading saved state...
2026-02-04 20:07:57,115 - StudentManager.MainWindow - DEBUG - Scheduling auto-load...
2026-02-04 20:07:57,116 - StudentManager.MainWindow - INFO - Updating initial UI state...
2026-02-04 20:07:57,116 - StudentManager.MainWindow - INFO - MainWindow initialization complete!
2026-02-04 20:07:57,117 - StudentManager - INFO - Main window created successfully
2026-02-04 20:07:57,117 - StudentManager - INFO - Showing main window...
2026-02-04 20:07:57,359 - StudentManager - INFO - Main window displayed successfully
2026-02-04 20:07:57,359 - StudentManager - INFO - Starting event loop...
